{"/home/travis/build/npmtest/node-npmtest-react-share/test.js":{"path":"/home/travis/build/npmtest/node-npmtest-react-share/test.js","s":{"1":2,"2":2,"3":2,"4":2,"5":2,"6":2,"7":2,"8":1,"9":2,"10":2,"11":1,"12":1,"13":1,"14":1,"15":2,"16":2,"17":2,"18":2,"19":1,"20":1,"21":2,"22":2,"23":2,"24":1,"25":1,"26":1,"27":1,"28":1,"29":1,"30":1,"31":1,"32":1,"33":1,"34":1,"35":1,"36":1,"37":1,"38":1,"39":2,"40":2,"41":1,"42":2,"43":2,"44":1,"45":2,"46":2,"47":1,"48":2,"49":2,"50":1,"51":1,"52":1,"53":1,"54":1},"b":{"1":[2,1,1,1],"2":[1,1,1,1],"3":[1,1],"4":[1,1],"5":[1,1],"6":[1,1],"7":[1,1],"8":[1,1],"9":[1,1],"10":[1,1,1],"11":[1,1],"12":[1,1],"13":[1,1],"14":[1,1],"15":[1,1],"16":[1,1],"17":[1,1]},"f":{"1":2,"2":2,"3":2,"4":2,"5":2,"6":1,"7":1,"8":1,"9":2,"10":2,"11":2,"12":2,"13":1},"fnMap":{"1":{"name":"(anonymous_1)","line":12,"loc":{"start":{"line":12,"column":1},"end":{"line":12,"column":13}}},"2":{"name":"(anonymous_2)","line":19,"loc":{"start":{"line":19,"column":5},"end":{"line":19,"column":17}}},"3":{"name":"(anonymous_3)","line":23,"loc":{"start":{"line":23,"column":24},"end":{"line":23,"column":36}}},"4":{"name":"(anonymous_4)","line":61,"loc":{"start":{"line":61,"column":5},"end":{"line":61,"column":17}}},"5":{"name":"(anonymous_5)","line":82,"loc":{"start":{"line":82,"column":5},"end":{"line":82,"column":17}}},"6":{"name":"(anonymous_6)","line":91,"loc":{"start":{"line":91,"column":77},"end":{"line":94,"column":10}}},"7":{"name":"(anonymous_7)","line":112,"loc":{"start":{"line":112,"column":83},"end":{"line":115,"column":10}},"skip":true},"8":{"name":"(anonymous_8)","line":123,"loc":{"start":{"line":123,"column":77},"end":{"line":126,"column":10}},"skip":true},"9":{"name":"(anonymous_9)","line":139,"loc":{"start":{"line":139,"column":12},"end":{"line":139,"column":40}},"skip":true},"10":{"name":"(anonymous_10)","line":147,"loc":{"start":{"line":147,"column":77},"end":{"line":150,"column":10}},"skip":true},"11":{"name":"(anonymous_11)","line":158,"loc":{"start":{"line":158,"column":83},"end":{"line":161,"column":10}},"skip":true},"12":{"name":"(anonymous_12)","line":169,"loc":{"start":{"line":169,"column":79},"end":{"line":172,"column":10}},"skip":true},"13":{"name":"(anonymous_13)","line":180,"loc":{"start":{"line":180,"column":75},"end":{"line":183,"column":10}},"skip":true}},"statementMap":{"1":{"start":{"line":12,"column":0},"end":{"line":195,"column":5}},"2":{"start":{"line":14,"column":4},"end":{"line":14,"column":14}},"3":{"start":{"line":19,"column":4},"end":{"line":56,"column":9}},"4":{"start":{"line":21,"column":8},"end":{"line":21,"column":19}},"5":{"start":{"line":23,"column":8},"end":{"line":35,"column":13}},"6":{"start":{"line":24,"column":12},"end":{"line":34,"column":13}},"7":{"start":{"line":25,"column":16},"end":{"line":28,"column":30}},"8":{"start":{"line":30,"column":16},"end":{"line":33,"column":27}},"9":{"start":{"line":37,"column":8},"end":{"line":39,"column":21}},"10":{"start":{"line":40,"column":8},"end":{"line":53,"column":9}},"11":{"start":{"line":43,"column":12},"end":{"line":46,"column":14}},"12":{"start":{"line":47,"column":12},"end":{"line":47,"column":18}},"13":{"start":{"line":50,"column":12},"end":{"line":51,"column":33}},"14":{"start":{"line":52,"column":12},"end":{"line":52,"column":18}},"15":{"start":{"line":55,"column":8},"end":{"line":55,"column":35}},"16":{"start":{"line":61,"column":4},"end":{"line":63,"column":9}},"17":{"start":{"line":62,"column":8},"end":{"line":62,"column":15}},"18":{"start":{"line":64,"column":4},"end":{"line":77,"column":5}},"19":{"start":{"line":70,"column":8},"end":{"line":70,"column":14}},"20":{"start":{"line":76,"column":8},"end":{"line":76,"column":14}},"21":{"start":{"line":82,"column":4},"end":{"line":84,"column":9}},"22":{"start":{"line":83,"column":8},"end":{"line":83,"column":15}},"23":{"start":{"line":85,"column":4},"end":{"line":194,"column":5}},"24":{"start":{"line":91,"column":8},"end":{"line":99,"column":10}},"25":{"start":{"line":98,"column":12},"end":{"line":98,"column":35}},"26":{"start":{"line":102,"column":8},"end":{"line":104,"column":63}},"27":{"start":{"line":105,"column":8},"end":{"line":105,"column":14}},"28":{"start":{"line":112,"column":8},"end":{"line":121,"column":10},"skip":true},"29":{"start":{"line":119,"column":12},"end":{"line":119,"column":55},"skip":true},"30":{"start":{"line":120,"column":12},"end":{"line":120,"column":48},"skip":true},"31":{"start":{"line":123,"column":8},"end":{"line":136,"column":10},"skip":true},"32":{"start":{"line":130,"column":12},"end":{"line":130,"column":76},"skip":true},"33":{"start":{"line":131,"column":12},"end":{"line":131,"column":73},"skip":true},"34":{"start":{"line":132,"column":12},"end":{"line":132,"column":74},"skip":true},"35":{"start":{"line":133,"column":12},"end":{"line":133,"column":79},"skip":true},"36":{"start":{"line":134,"column":12},"end":{"line":134,"column":25},"skip":true},"37":{"start":{"line":135,"column":12},"end":{"line":135,"column":45},"skip":true},"38":{"start":{"line":138,"column":8},"end":{"line":145,"column":14},"skip":true},"39":{"start":{"line":143,"column":16},"end":{"line":143,"column":29},"skip":true},"40":{"start":{"line":144,"column":16},"end":{"line":144,"column":55},"skip":true},"41":{"start":{"line":147,"column":8},"end":{"line":156,"column":10},"skip":true},"42":{"start":{"line":154,"column":12},"end":{"line":154,"column":25},"skip":true},"43":{"start":{"line":155,"column":12},"end":{"line":155,"column":45},"skip":true},"44":{"start":{"line":158,"column":8},"end":{"line":167,"column":10},"skip":true},"45":{"start":{"line":165,"column":12},"end":{"line":165,"column":25},"skip":true},"46":{"start":{"line":166,"column":12},"end":{"line":166,"column":48},"skip":true},"47":{"start":{"line":169,"column":8},"end":{"line":178,"column":10},"skip":true},"48":{"start":{"line":176,"column":12},"end":{"line":176,"column":25},"skip":true},"49":{"start":{"line":177,"column":12},"end":{"line":177,"column":46},"skip":true},"50":{"start":{"line":180,"column":8},"end":{"line":189,"column":10},"skip":true},"51":{"start":{"line":187,"column":12},"end":{"line":187,"column":94},"skip":true},"52":{"start":{"line":188,"column":12},"end":{"line":188,"column":48},"skip":true},"53":{"start":{"line":192,"column":8},"end":{"line":192,"column":35},"skip":true},"54":{"start":{"line":193,"column":8},"end":{"line":193,"column":14},"skip":true}},"branchMap":{"1":{"line":25,"type":"binary-expr","locations":[{"start":{"line":25,"column":23},"end":{"line":25,"column":62}},{"start":{"line":26,"column":20},"end":{"line":26,"column":70}},{"start":{"line":27,"column":20},"end":{"line":27,"column":71}},{"start":{"line":28,"column":20},"end":{"line":28,"column":29}}]},"2":{"line":30,"type":"binary-expr","locations":[{"start":{"line":30,"column":23},"end":{"line":30,"column":37}},{"start":{"line":31,"column":20},"end":{"line":31,"column":61}},{"start":{"line":32,"column":20},"end":{"line":32,"column":70}},{"start":{"line":33,"column":20},"end":{"line":33,"column":26}}]},"3":{"line":37,"type":"cond-expr","locations":[{"start":{"line":38,"column":14},"end":{"line":38,"column":20}},{"start":{"line":39,"column":14},"end":{"line":39,"column":20}}]},"4":{"line":40,"type":"switch","locations":[{"start":{"line":42,"column":8},"end":{"line":47,"column":18}},{"start":{"line":49,"column":8},"end":{"line":52,"column":18}}]},"5":{"line":44,"type":"binary-expr","locations":[{"start":{"line":44,"column":16},"end":{"line":44,"column":44}},{"start":{"line":44,"column":48},"end":{"line":44,"column":66}}]},"6":{"line":50,"type":"binary-expr","locations":[{"start":{"line":50,"column":21},"end":{"line":50,"column":49}},{"start":{"line":50,"column":53},"end":{"line":50,"column":72}}]},"7":{"line":64,"type":"switch","locations":[{"start":{"line":69,"column":4},"end":{"line":70,"column":14}},{"start":{"line":75,"column":4},"end":{"line":76,"column":14}}]},"8":{"line":85,"type":"switch","locations":[{"start":{"line":90,"column":4},"end":{"line":105,"column":14}},{"start":{"line":111,"column":4},"end":{"line":193,"column":14},"skip":true}]},"9":{"line":91,"type":"binary-expr","locations":[{"start":{"line":91,"column":42},"end":{"line":91,"column":73}},{"start":{"line":91,"column":77},"end":{"line":99,"column":9}}]},"10":{"line":102,"type":"binary-expr","locations":[{"start":{"line":102,"column":18},"end":{"line":102,"column":32}},{"start":{"line":103,"column":12},"end":{"line":103,"column":53}},{"start":{"line":104,"column":12},"end":{"line":104,"column":61}}]},"11":{"line":112,"type":"binary-expr","locations":[{"start":{"line":112,"column":45},"end":{"line":112,"column":79},"skip":true},{"start":{"line":112,"column":83},"end":{"line":121,"column":9},"skip":true}]},"12":{"line":123,"type":"binary-expr","locations":[{"start":{"line":123,"column":42},"end":{"line":123,"column":73},"skip":true},{"start":{"line":123,"column":77},"end":{"line":136,"column":9},"skip":true}]},"13":{"line":138,"type":"binary-expr","locations":[{"start":{"line":138,"column":48},"end":{"line":138,"column":85},"skip":true},{"start":{"line":139,"column":12},"end":{"line":145,"column":13},"skip":true}]},"14":{"line":147,"type":"binary-expr","locations":[{"start":{"line":147,"column":42},"end":{"line":147,"column":73},"skip":true},{"start":{"line":147,"column":77},"end":{"line":156,"column":9},"skip":true}]},"15":{"line":158,"type":"binary-expr","locations":[{"start":{"line":158,"column":45},"end":{"line":158,"column":79},"skip":true},{"start":{"line":158,"column":83},"end":{"line":167,"column":9},"skip":true}]},"16":{"line":169,"type":"binary-expr","locations":[{"start":{"line":169,"column":43},"end":{"line":169,"column":75},"skip":true},{"start":{"line":169,"column":79},"end":{"line":178,"column":9},"skip":true}]},"17":{"line":180,"type":"binary-expr","locations":[{"start":{"line":180,"column":41},"end":{"line":180,"column":71},"skip":true},{"start":{"line":180,"column":75},"end":{"line":189,"column":9},"skip":true}]}},"code":["/* istanbul instrument in package npmtest_react_share */","/*jslint","    bitwise: true,","    browser: true,","    maxerr: 8,","    maxlen: 96,","    node: true,","    nomen: true,","    regexp: true,","    stupid: true","*/","(function () {","    'use strict';","    var local;","","","","    // run shared js-env code - init-before","    (function () {","        // init local","        local = {};","        // init modeJs","        local.modeJs = (function () {","            try {","                return typeof navigator.userAgent === 'string' &&","                    typeof document.querySelector('body') === 'object' &&","                    typeof XMLHttpRequest.prototype.open === 'function' &&","                    'browser';","            } catch (errorCaughtBrowser) {","                return module.exports &&","                    typeof process.versions.node === 'string' &&","                    typeof require('http').createServer === 'function' &&","                    'node';","            }","        }());","        // init global","        local.global = local.modeJs === 'browser'","            ? window","            : global;","        switch (local.modeJs) {","        // re-init local from window.local","        case 'browser':","            local = local.global.utility2.objectSetDefault(","                local.global.utility2_rollup || local.global.local,","                local.global.utility2","            );","            break;","        // re-init local from example.js","        case 'node':","            local = (local.global.utility2_rollup || require('utility2'))","                .requireReadme();","            break;","        }","        // export local","        local.global.local = local;","    }());","","","","    // run shared js-env code - function","    (function () {","        return;","    }());","    switch (local.modeJs) {","","","","    // run browser js-env code - function","    case 'browser':","        break;","","","","    // run node js-env code - function","    case 'node':","        break;","    }","","","","    // run shared js-env code - init-after","    (function () {","        return;","    }());","    switch (local.modeJs) {","","","","    // run browser js-env code - init-after","    case 'browser':","        local.testCase_browser_nullCase = local.testCase_browser_nullCase || function (","            options,","            onError","        ) {","        /*","         * this function will test browsers's null-case handling-behavior-behavior","         */","            onError(null, options);","        };","","        // run tests","        local.nop(local.modeTest &&","            document.querySelector('#testRunButton1') &&","            document.querySelector('#testRunButton1').click());","        break;","","","","    // run node js-env code - init-after","    /* istanbul ignore next */","    case 'node':","        local.testCase_buildApidoc_default = local.testCase_buildApidoc_default || function (","            options,","            onError","        ) {","        /*","         * this function will test buildApidoc's default handling-behavior-behavior","         */","            options = { modulePathList: module.paths };","            local.buildApidoc(options, onError);","        };","","        local.testCase_buildApp_default = local.testCase_buildApp_default || function (","            options,","            onError","        ) {","        /*","         * this function will test buildApp's default handling-behavior-behavior","         */","            local.testCase_buildReadme_default(options, local.onErrorThrow);","            local.testCase_buildLib_default(options, local.onErrorThrow);","            local.testCase_buildTest_default(options, local.onErrorThrow);","            local.testCase_buildCustomOrg_default(options, local.onErrorThrow);","            options = [];","            local.buildApp(options, onError);","        };","","        local.testCase_buildCustomOrg_default = local.testCase_buildCustomOrg_default ||","            function (options, onError) {","            /*","             * this function will test buildCustomOrg's default handling-behavior","             */","                options = {};","                local.buildCustomOrg(options, onError);","            };","","        local.testCase_buildLib_default = local.testCase_buildLib_default || function (","            options,","            onError","        ) {","        /*","         * this function will test buildLib's default handling-behavior","         */","            options = {};","            local.buildLib(options, onError);","        };","","        local.testCase_buildReadme_default = local.testCase_buildReadme_default || function (","            options,","            onError","        ) {","        /*","         * this function will test buildReadme's default handling-behavior-behavior","         */","            options = {};","            local.buildReadme(options, onError);","        };","","        local.testCase_buildTest_default = local.testCase_buildTest_default || function (","            options,","            onError","        ) {","        /*","         * this function will test buildTest's default handling-behavior","         */","            options = {};","            local.buildTest(options, onError);","        };","","        local.testCase_webpage_default = local.testCase_webpage_default || function (","            options,","            onError","        ) {","        /*","         * this function will test webpage's default handling-behavior","         */","            options = { modeCoverageMerge: true, url: local.serverLocalHost + '?modeTest=1' };","            local.browserTest(options, onError);","        };","","        // run test-server","        local.testRunServer(local);","        break;","    }","}());",""],"l":{"12":2,"14":2,"19":2,"21":2,"23":2,"24":2,"25":2,"30":1,"37":2,"40":2,"43":1,"47":1,"50":1,"52":1,"55":2,"61":2,"62":2,"64":2,"70":1,"76":1,"82":2,"83":2,"85":2,"91":1,"98":1,"102":1,"105":1,"112":1,"119":1,"120":1,"123":1,"130":1,"131":1,"132":1,"133":1,"134":1,"135":1,"138":1,"143":2,"144":2,"147":1,"154":2,"155":2,"158":1,"165":2,"166":2,"169":1,"176":2,"177":2,"180":1,"187":1,"188":1,"192":1,"193":1}},"/home/travis/build/npmtest/node-npmtest-react-share/lib.npmtest_react_share.js":{"path":"/home/travis/build/npmtest/node-npmtest-react-share/lib.npmtest_react_share.js","s":{"1":2,"2":2,"3":2,"4":2,"5":2,"6":2,"7":2,"8":1,"9":2,"10":2,"11":2,"12":2,"13":1,"14":1,"15":1,"16":1},"b":{"1":[2,1,1,1],"2":[1,1,1,1],"3":[1,1],"4":[2,2],"5":[1,1]},"f":{"1":2,"2":2,"3":2},"fnMap":{"1":{"name":"(anonymous_1)","line":12,"loc":{"start":{"line":12,"column":1},"end":{"line":12,"column":13}}},"2":{"name":"(anonymous_2)","line":19,"loc":{"start":{"line":19,"column":5},"end":{"line":19,"column":17}}},"3":{"name":"(anonymous_3)","line":23,"loc":{"start":{"line":23,"column":24},"end":{"line":23,"column":36}}}},"statementMap":{"1":{"start":{"line":12,"column":0},"end":{"line":53,"column":5}},"2":{"start":{"line":14,"column":4},"end":{"line":14,"column":14}},"3":{"start":{"line":19,"column":4},"end":{"line":52,"column":9}},"4":{"start":{"line":21,"column":8},"end":{"line":21,"column":19}},"5":{"start":{"line":23,"column":8},"end":{"line":35,"column":13}},"6":{"start":{"line":24,"column":12},"end":{"line":34,"column":13}},"7":{"start":{"line":25,"column":16},"end":{"line":28,"column":30}},"8":{"start":{"line":30,"column":16},"end":{"line":33,"column":27}},"9":{"start":{"line":37,"column":8},"end":{"line":39,"column":21}},"10":{"start":{"line":41,"column":8},"end":{"line":41,"column":54}},"11":{"start":{"line":43,"column":8},"end":{"line":43,"column":56}},"12":{"start":{"line":45,"column":8},"end":{"line":51,"column":9}},"13":{"start":{"line":46,"column":12},"end":{"line":46,"column":62}},"14":{"start":{"line":48,"column":12},"end":{"line":48,"column":35}},"15":{"start":{"line":49,"column":12},"end":{"line":49,"column":49}},"16":{"start":{"line":50,"column":12},"end":{"line":50,"column":43}}},"branchMap":{"1":{"line":25,"type":"binary-expr","locations":[{"start":{"line":25,"column":23},"end":{"line":25,"column":62}},{"start":{"line":26,"column":20},"end":{"line":26,"column":70}},{"start":{"line":27,"column":20},"end":{"line":27,"column":71}},{"start":{"line":28,"column":20},"end":{"line":28,"column":29}}]},"2":{"line":30,"type":"binary-expr","locations":[{"start":{"line":30,"column":23},"end":{"line":30,"column":37}},{"start":{"line":31,"column":20},"end":{"line":31,"column":61}},{"start":{"line":32,"column":20},"end":{"line":32,"column":70}},{"start":{"line":33,"column":20},"end":{"line":33,"column":26}}]},"3":{"line":37,"type":"cond-expr","locations":[{"start":{"line":38,"column":14},"end":{"line":38,"column":20}},{"start":{"line":39,"column":14},"end":{"line":39,"column":20}}]},"4":{"line":41,"type":"binary-expr","locations":[{"start":{"line":41,"column":16},"end":{"line":41,"column":44}},{"start":{"line":41,"column":48},"end":{"line":41,"column":53}}]},"5":{"line":45,"type":"if","locations":[{"start":{"line":45,"column":8},"end":{"line":45,"column":8}},{"start":{"line":45,"column":8},"end":{"line":45,"column":8}}]}},"code":["/* istanbul instrument in package npmtest_react_share */","/*jslint","    bitwise: true,","    browser: true,","    maxerr: 8,","    maxlen: 96,","    node: true,","    nomen: true,","    regexp: true,","    stupid: true","*/","(function () {","    'use strict';","    var local;","","","","    // run shared js-env code - init-before","    (function () {","        // init local","        local = {};","        // init modeJs","        local.modeJs = (function () {","            try {","                return typeof navigator.userAgent === 'string' &&","                    typeof document.querySelector('body') === 'object' &&","                    typeof XMLHttpRequest.prototype.open === 'function' &&","                    'browser';","            } catch (errorCaughtBrowser) {","                return module.exports &&","                    typeof process.versions.node === 'string' &&","                    typeof require('http').createServer === 'function' &&","                    'node';","            }","        }());","        // init global","        local.global = local.modeJs === 'browser'","            ? window","            : global;","        // init utility2_rollup","        local = local.global.utility2_rollup || local;","        // init lib","        local.local = local.npmtest_react_share = local;","        // init exports","        if (local.modeJs === 'browser') {","            local.global.utility2_npmtest_react_share = local;","        } else {","            module.exports = local;","            module.exports.__dirname = __dirname;","            module.exports.module = module;","        }","    }());","}());",""],"l":{"12":2,"14":2,"19":2,"21":2,"23":2,"24":2,"25":2,"30":1,"37":2,"41":2,"43":2,"45":2,"46":1,"48":1,"49":1,"50":1}},"/home/travis/build/npmtest/node-npmtest-react-share/example.js":{"path":"/home/travis/build/npmtest/node-npmtest-react-share/example.js","s":{"1":2,"2":2,"3":2,"4":2,"5":2,"6":2,"7":2,"8":1,"9":2,"10":2,"11":2,"12":2,"13":1,"14":2,"15":2,"16":2,"17":2,"18":2,"19":0,"20":2,"21":1,"22":1,"23":1,"24":1,"25":1,"26":0,"27":0,"28":1,"29":1,"30":2,"31":0,"32":0,"33":0,"34":1,"35":2,"36":2,"37":3,"38":3,"39":3,"40":3,"41":0,"42":3,"43":3,"44":3,"45":1,"46":3,"47":1,"48":1,"49":1,"50":1,"51":1,"52":1,"53":1,"54":1,"55":1,"56":1,"57":0,"58":1,"59":6,"60":6,"61":1,"62":2,"63":0,"64":2,"65":1,"66":1,"67":0,"68":0,"69":0,"70":0,"71":0,"72":0,"73":0,"74":0,"75":0,"76":0,"77":0,"78":0,"79":0,"80":0,"81":0,"82":0,"83":0},"b":{"1":[2,1,1,1],"2":[1,1,1,1],"3":[1,1],"4":[2,2],"5":[1,1],"6":[1,1],"7":[2,0],"8":[2,1,1,1,1,1],"9":[0,2,0],"10":[1,1],"11":[2,1,1],"12":[1,0],"13":[0,2],"14":[2,0,0,0,0,0,0],"15":[0,3],"16":[3,0],"17":[1,1],"18":[0,1],"19":[1,2,0,2],"20":[1,0],"21":[1,1],"22":[0,0],"23":[0,0],"24":[0,0],"25":[0,0],"26":[0,0],"27":[0,0],"28":[0,0]},"f":{"1":2,"2":2,"3":2,"4":2,"5":2,"6":2,"7":3,"8":3,"9":3,"10":1,"11":6,"12":0},"fnMap":{"1":{"name":"(anonymous_1)","line":26,"loc":{"start":{"line":26,"column":1},"end":{"line":26,"column":13}}},"2":{"name":"(anonymous_2)","line":33,"loc":{"start":{"line":33,"column":5},"end":{"line":33,"column":17}}},"3":{"name":"(anonymous_3)","line":37,"loc":{"start":{"line":37,"column":24},"end":{"line":37,"column":36}}},"4":{"name":"(anonymous_4)","line":69,"loc":{"start":{"line":69,"column":31},"end":{"line":69,"column":48}},"skip":true},"5":{"name":"(anonymous_5)","line":78,"loc":{"start":{"line":78,"column":26},"end":{"line":78,"column":45}},"skip":true},"6":{"name":"(anonymous_6)","line":123,"loc":{"start":{"line":123,"column":33},"end":{"line":123,"column":48}},"skip":true},"7":{"name":"(anonymous_7)","line":125,"loc":{"start":{"line":125,"column":27},"end":{"line":125,"column":39}},"skip":true},"8":{"name":"(anonymous_8)","line":133,"loc":{"start":{"line":133,"column":59},"end":{"line":133,"column":74}},"skip":true},"9":{"name":"(anonymous_9)","line":143,"loc":{"start":{"line":143,"column":45},"end":{"line":143,"column":62}},"skip":true},"10":{"name":"(anonymous_10)","line":144,"loc":{"start":{"line":144,"column":73},"end":{"line":144,"column":92}},"skip":true},"11":{"name":"(anonymous_11)","line":272,"loc":{"start":{"line":272,"column":51},"end":{"line":272,"column":77}},"skip":true},"12":{"name":"(anonymous_12)","line":315,"loc":{"start":{"line":315,"column":32},"end":{"line":315,"column":61}},"skip":true}},"statementMap":{"1":{"start":{"line":26,"column":0},"end":{"line":326,"column":5}},"2":{"start":{"line":28,"column":4},"end":{"line":28,"column":14}},"3":{"start":{"line":33,"column":4},"end":{"line":60,"column":9}},"4":{"start":{"line":35,"column":8},"end":{"line":35,"column":19}},"5":{"start":{"line":37,"column":8},"end":{"line":49,"column":13}},"6":{"start":{"line":38,"column":12},"end":{"line":48,"column":13}},"7":{"start":{"line":39,"column":16},"end":{"line":42,"column":30}},"8":{"start":{"line":44,"column":16},"end":{"line":47,"column":27}},"9":{"start":{"line":51,"column":8},"end":{"line":53,"column":21}},"10":{"start":{"line":55,"column":8},"end":{"line":57,"column":45}},"11":{"start":{"line":59,"column":8},"end":{"line":59,"column":35}},"12":{"start":{"line":61,"column":4},"end":{"line":325,"column":5}},"13":{"start":{"line":69,"column":8},"end":{"line":121,"column":10},"skip":true},"14":{"start":{"line":70,"column":12},"end":{"line":88,"column":13},"skip":true},"15":{"start":{"line":76,"column":16},"end":{"line":87,"column":19},"skip":true},"16":{"start":{"line":79,"column":20},"end":{"line":86,"column":21},"skip":true},"17":{"start":{"line":82,"column":24},"end":{"line":82,"column":43},"skip":true},"18":{"start":{"line":83,"column":24},"end":{"line":83,"column":30},"skip":true},"19":{"start":{"line":85,"column":24},"end":{"line":85,"column":49},"skip":true},"20":{"start":{"line":89,"column":12},"end":{"line":107,"column":13},"skip":true},"21":{"start":{"line":92,"column":16},"end":{"line":102,"column":17},"skip":true},"22":{"start":{"line":93,"column":20},"end":{"line":93,"column":86},"skip":true},"23":{"start":{"line":94,"column":20},"end":{"line":95,"column":45},"skip":true},"24":{"start":{"line":96,"column":20},"end":{"line":96,"column":42},"skip":true},"25":{"start":{"line":97,"column":20},"end":{"line":97,"column":48},"skip":true},"26":{"start":{"line":100,"column":20},"end":{"line":100,"column":85},"skip":true},"27":{"start":{"line":101,"column":20},"end":{"line":101,"column":96},"skip":true},"28":{"start":{"line":103,"column":16},"end":{"line":103,"column":22},"skip":true},"29":{"start":{"line":106,"column":16},"end":{"line":106,"column":22},"skip":true},"30":{"start":{"line":108,"column":12},"end":{"line":120,"column":13},"skip":true},"31":{"start":{"line":114,"column":16},"end":{"line":119,"column":17},"skip":true},"32":{"start":{"line":116,"column":20},"end":{"line":116,"column":78},"skip":true},"33":{"start":{"line":118,"column":20},"end":{"line":118,"column":47},"skip":true},"34":{"start":{"line":123,"column":8},"end":{"line":141,"column":11},"skip":true},"35":{"start":{"line":124,"column":12},"end":{"line":124,"column":54},"skip":true},"36":{"start":{"line":125,"column":12},"end":{"line":140,"column":14},"skip":true},"37":{"start":{"line":126,"column":16},"end":{"line":126,"column":28},"skip":true},"38":{"start":{"line":127,"column":16},"end":{"line":127,"column":69},"skip":true},"39":{"start":{"line":128,"column":16},"end":{"line":128,"column":75},"skip":true},"40":{"start":{"line":129,"column":16},"end":{"line":131,"column":17},"skip":true},"41":{"start":{"line":130,"column":20},"end":{"line":130,"column":27},"skip":true},"42":{"start":{"line":133,"column":16},"end":{"line":137,"column":36},"skip":true},"43":{"start":{"line":134,"column":20},"end":{"line":136,"column":55},"skip":true},"44":{"start":{"line":139,"column":16},"end":{"line":139,"column":57},"skip":true},"45":{"start":{"line":143,"column":8},"end":{"line":147,"column":11},"skip":true},"46":{"start":{"line":144,"column":12},"end":{"line":146,"column":15},"skip":true},"47":{"start":{"line":145,"column":16},"end":{"line":145,"column":70},"skip":true},"48":{"start":{"line":149,"column":8},"end":{"line":149,"column":31},"skip":true},"49":{"start":{"line":150,"column":8},"end":{"line":150,"column":14},"skip":true},"50":{"start":{"line":158,"column":8},"end":{"line":158,"column":31},"skip":true},"51":{"start":{"line":160,"column":8},"end":{"line":160,"column":33},"skip":true},"52":{"start":{"line":161,"column":8},"end":{"line":161,"column":37},"skip":true},"53":{"start":{"line":162,"column":8},"end":{"line":162,"column":35},"skip":true},"54":{"start":{"line":164,"column":8},"end":{"line":164,"column":50},"skip":true},"55":{"start":{"line":166,"column":8},"end":{"line":256,"column":2},"skip":true},"56":{"start":{"line":258,"column":8},"end":{"line":286,"column":9},"skip":true},"57":{"start":{"line":259,"column":12},"end":{"line":269,"column":14},"skip":true},"58":{"start":{"line":271,"column":12},"end":{"line":285,"column":19},"skip":true},"59":{"start":{"line":274,"column":20},"end":{"line":274,"column":35},"skip":true},"60":{"start":{"line":275,"column":20},"end":{"line":284,"column":21},"skip":true},"61":{"start":{"line":277,"column":24},"end":{"line":277,"column":64},"skip":true},"62":{"start":{"line":279,"column":24},"end":{"line":279,"column":40},"skip":true},"63":{"start":{"line":281,"column":24},"end":{"line":281,"column":40},"skip":true},"64":{"start":{"line":283,"column":24},"end":{"line":283,"column":39},"skip":true},"65":{"start":{"line":288,"column":8},"end":{"line":290,"column":9},"skip":true},"66":{"start":{"line":289,"column":12},"end":{"line":289,"column":18},"skip":true},"67":{"start":{"line":291,"column":8},"end":{"line":293,"column":54},"skip":true},"68":{"start":{"line":296,"column":8},"end":{"line":301,"column":37},"skip":true},"69":{"start":{"line":303,"column":8},"end":{"line":303,"column":82},"skip":true},"70":{"start":{"line":306,"column":8},"end":{"line":308,"column":9},"skip":true},"71":{"start":{"line":307,"column":12},"end":{"line":307,"column":82},"skip":true},"72":{"start":{"line":310,"column":8},"end":{"line":312,"column":9},"skip":true},"73":{"start":{"line":311,"column":12},"end":{"line":311,"column":18},"skip":true},"74":{"start":{"line":313,"column":8},"end":{"line":313,"column":54},"skip":true},"75":{"start":{"line":314,"column":8},"end":{"line":314,"column":69},"skip":true},"76":{"start":{"line":315,"column":8},"end":{"line":323,"column":36},"skip":true},"77":{"start":{"line":316,"column":12},"end":{"line":316,"column":61},"skip":true},"78":{"start":{"line":317,"column":12},"end":{"line":320,"column":13},"skip":true},"79":{"start":{"line":318,"column":16},"end":{"line":318,"column":75},"skip":true},"80":{"start":{"line":319,"column":16},"end":{"line":319,"column":23},"skip":true},"81":{"start":{"line":321,"column":12},"end":{"line":321,"column":38},"skip":true},"82":{"start":{"line":322,"column":12},"end":{"line":322,"column":27},"skip":true},"83":{"start":{"line":324,"column":8},"end":{"line":324,"column":14},"skip":true}},"branchMap":{"1":{"line":39,"type":"binary-expr","locations":[{"start":{"line":39,"column":23},"end":{"line":39,"column":62}},{"start":{"line":40,"column":20},"end":{"line":40,"column":70}},{"start":{"line":41,"column":20},"end":{"line":41,"column":71}},{"start":{"line":42,"column":20},"end":{"line":42,"column":29}}]},"2":{"line":44,"type":"binary-expr","locations":[{"start":{"line":44,"column":23},"end":{"line":44,"column":37}},{"start":{"line":45,"column":20},"end":{"line":45,"column":61}},{"start":{"line":46,"column":20},"end":{"line":46,"column":70}},{"start":{"line":47,"column":20},"end":{"line":47,"column":26}}]},"3":{"line":51,"type":"cond-expr","locations":[{"start":{"line":52,"column":14},"end":{"line":52,"column":20}},{"start":{"line":53,"column":14},"end":{"line":53,"column":20}}]},"4":{"line":55,"type":"binary-expr","locations":[{"start":{"line":55,"column":16},"end":{"line":55,"column":44}},{"start":{"line":55,"column":49},"end":{"line":57,"column":43}}]},"5":{"line":55,"type":"cond-expr","locations":[{"start":{"line":56,"column":14},"end":{"line":56,"column":55}},{"start":{"line":57,"column":14},"end":{"line":57,"column":43}}]},"6":{"line":61,"type":"switch","locations":[{"start":{"line":68,"column":4},"end":{"line":150,"column":14},"skip":true},{"start":{"line":156,"column":4},"end":{"line":324,"column":14},"skip":true}]},"7":{"line":70,"type":"if","locations":[{"start":{"line":70,"column":12},"end":{"line":70,"column":12},"skip":true},{"start":{"line":70,"column":12},"end":{"line":70,"column":12},"skip":true}]},"8":{"line":70,"type":"binary-expr","locations":[{"start":{"line":70,"column":16},"end":{"line":70,"column":22},"skip":true},{"start":{"line":70,"column":27},"end":{"line":70,"column":32},"skip":true},{"start":{"line":71,"column":20},"end":{"line":71,"column":39},"skip":true},{"start":{"line":72,"column":20},"end":{"line":72,"column":49},"skip":true},{"start":{"line":73,"column":20},"end":{"line":73,"column":58},"skip":true},{"start":{"line":74,"column":20},"end":{"line":74,"column":69},"skip":true}]},"9":{"line":79,"type":"switch","locations":[{"start":{"line":80,"column":20},"end":{"line":80,"column":33},"skip":true},{"start":{"line":81,"column":20},"end":{"line":83,"column":30},"skip":true},{"start":{"line":84,"column":20},"end":{"line":85,"column":49},"skip":true}]},"10":{"line":89,"type":"switch","locations":[{"start":{"line":90,"column":12},"end":{"line":103,"column":22},"skip":true},{"start":{"line":105,"column":12},"end":{"line":106,"column":22},"skip":true}]},"11":{"line":89,"type":"binary-expr","locations":[{"start":{"line":89,"column":20},"end":{"line":89,"column":25},"skip":true},{"start":{"line":89,"column":29},"end":{"line":89,"column":48},"skip":true},{"start":{"line":89,"column":52},"end":{"line":89,"column":74},"skip":true}]},"12":{"line":92,"type":"if","locations":[{"start":{"line":92,"column":16},"end":{"line":92,"column":16},"skip":true},{"start":{"line":92,"column":16},"end":{"line":92,"column":16},"skip":true}]},"13":{"line":108,"type":"if","locations":[{"start":{"line":108,"column":12},"end":{"line":108,"column":12},"skip":true},{"start":{"line":108,"column":12},"end":{"line":108,"column":12},"skip":true}]},"14":{"line":108,"type":"binary-expr","locations":[{"start":{"line":108,"column":16},"end":{"line":108,"column":61},"skip":true},{"start":{"line":108,"column":66},"end":{"line":108,"column":72},"skip":true},{"start":{"line":108,"column":77},"end":{"line":108,"column":82},"skip":true},{"start":{"line":109,"column":20},"end":{"line":109,"column":39},"skip":true},{"start":{"line":110,"column":20},"end":{"line":110,"column":49},"skip":true},{"start":{"line":111,"column":20},"end":{"line":111,"column":58},"skip":true},{"start":{"line":112,"column":20},"end":{"line":112,"column":68},"skip":true}]},"15":{"line":129,"type":"if","locations":[{"start":{"line":129,"column":16},"end":{"line":129,"column":16},"skip":true},{"start":{"line":129,"column":16},"end":{"line":129,"column":16},"skip":true}]},"16":{"line":134,"type":"cond-expr","locations":[{"start":{"line":135,"column":26},"end":{"line":135,"column":29},"skip":true},{"start":{"line":136,"column":26},"end":{"line":136,"column":54},"skip":true}]},"17":{"line":164,"type":"binary-expr","locations":[{"start":{"line":164,"column":27},"end":{"line":164,"column":43},"skip":true},{"start":{"line":164,"column":47},"end":{"line":164,"column":49},"skip":true}]},"18":{"line":258,"type":"if","locations":[{"start":{"line":258,"column":8},"end":{"line":258,"column":8},"skip":true},{"start":{"line":258,"column":8},"end":{"line":258,"column":8},"skip":true}]},"19":{"line":275,"type":"switch","locations":[{"start":{"line":276,"column":20},"end":{"line":277,"column":64},"skip":true},{"start":{"line":278,"column":20},"end":{"line":279,"column":40},"skip":true},{"start":{"line":280,"column":20},"end":{"line":281,"column":40},"skip":true},{"start":{"line":282,"column":20},"end":{"line":283,"column":39},"skip":true}]},"20":{"line":288,"type":"if","locations":[{"start":{"line":288,"column":8},"end":{"line":288,"column":8},"skip":true},{"start":{"line":288,"column":8},"end":{"line":288,"column":8},"skip":true}]},"21":{"line":288,"type":"binary-expr","locations":[{"start":{"line":288,"column":12},"end":{"line":288,"column":40},"skip":true},{"start":{"line":288,"column":44},"end":{"line":288,"column":67},"skip":true}]},"22":{"line":292,"type":"binary-expr","locations":[{"start":{"line":292,"column":12},"end":{"line":292,"column":50},"skip":true},{"start":{"line":293,"column":12},"end":{"line":293,"column":53},"skip":true}]},"23":{"line":297,"type":"binary-expr","locations":[{"start":{"line":297,"column":12},"end":{"line":297,"column":69},"skip":true},{"start":{"line":298,"column":12},"end":{"line":301,"column":36},"skip":true}]},"24":{"line":303,"type":"binary-expr","locations":[{"start":{"line":303,"column":43},"end":{"line":303,"column":75},"skip":true},{"start":{"line":303,"column":79},"end":{"line":303,"column":81},"skip":true}]},"25":{"line":306,"type":"if","locations":[{"start":{"line":306,"column":8},"end":{"line":306,"column":8},"skip":true},{"start":{"line":306,"column":8},"end":{"line":306,"column":8},"skip":true}]},"26":{"line":310,"type":"if","locations":[{"start":{"line":310,"column":8},"end":{"line":310,"column":8},"skip":true},{"start":{"line":310,"column":8},"end":{"line":310,"column":8},"skip":true}]},"27":{"line":313,"type":"binary-expr","locations":[{"start":{"line":313,"column":27},"end":{"line":313,"column":43},"skip":true},{"start":{"line":313,"column":47},"end":{"line":313,"column":53},"skip":true}]},"28":{"line":317,"type":"if","locations":[{"start":{"line":317,"column":12},"end":{"line":317,"column":12},"skip":true},{"start":{"line":317,"column":12},"end":{"line":317,"column":12},"skip":true}]}},"code":["/*","example.js","","quickstart example","","instruction","    1. save this script as example.js","    2. run the shell command:","        $ npm install npmtest-react-share && PORT=8081 node example.js","    3. play with the browser-demo on http://127.0.0.1:8081","*/","","","","/* istanbul instrument in package npmtest_react_share */","/*jslint","    bitwise: true,","    browser: true,","    maxerr: 8,","    maxlen: 96,","    node: true,","    nomen: true,","    regexp: true,","    stupid: true","*/","(function () {","    'use strict';","    var local;","","","","    // run shared js-env code - init-before","    (function () {","        // init local","        local = {};","        // init modeJs","        local.modeJs = (function () {","            try {","                return typeof navigator.userAgent === 'string' &&","                    typeof document.querySelector('body') === 'object' &&","                    typeof XMLHttpRequest.prototype.open === 'function' &&","                    'browser';","            } catch (errorCaughtBrowser) {","                return module.exports &&","                    typeof process.versions.node === 'string' &&","                    typeof require('http').createServer === 'function' &&","                    'node';","            }","        }());","        // init global","        local.global = local.modeJs === 'browser'","            ? window","            : global;","        // init utility2_rollup","        local = local.global.utility2_rollup || (local.modeJs === 'browser'","            ? local.global.utility2_npmtest_react_share","            : global.utility2_moduleExports);","        // export local","        local.global.local = local;","    }());","    switch (local.modeJs) {","","","","    // init-after","    // run browser js-env code - init-after","    /* istanbul ignore next */","    case 'browser':","        local.testRunBrowser = function (event) {","            if (!event || (event &&","                    event.currentTarget &&","                    event.currentTarget.className &&","                    event.currentTarget.className.includes &&","                    event.currentTarget.className.includes('onreset'))) {","                // reset output","                Array.from(","                    document.querySelectorAll('body > .resettable')","                ).forEach(function (element) {","                    switch (element.tagName) {","                    case 'INPUT':","                    case 'TEXTAREA':","                        element.value = '';","                        break;","                    default:","                        element.textContent = '';","                    }","                });","            }","            switch (event && event.currentTarget && event.currentTarget.id) {","            case 'testRunButton1':","                // show tests","                if (document.querySelector('#testReportDiv1').style.display === 'none') {","                    document.querySelector('#testReportDiv1').style.display = 'block';","                    document.querySelector('#testRunButton1').textContent =","                        'hide internal test';","                    local.modeTest = true;","                    local.testRunDefault(local);","                // hide tests","                } else {","                    document.querySelector('#testReportDiv1').style.display = 'none';","                    document.querySelector('#testRunButton1').textContent = 'run internal test';","                }","                break;","            // custom-case","            default:","                break;","            }","            if (document.querySelector('#inputTextareaEval1') && (!event || (event &&","                    event.currentTarget &&","                    event.currentTarget.className &&","                    event.currentTarget.className.includes &&","                    event.currentTarget.className.includes('oneval')))) {","                // try to eval input-code","                try {","                    /*jslint evil: true*/","                    eval(document.querySelector('#inputTextareaEval1').value);","                } catch (errorCaught) {","                    console.error(errorCaught);","                }","            }","        };","        // log stderr and stdout to #outputTextareaStdout1","        ['error', 'log'].forEach(function (key) {","            console[key + '_original'] = console[key];","            console[key] = function () {","                var element;","                console[key + '_original'].apply(console, arguments);","                element = document.querySelector('#outputTextareaStdout1');","                if (!element) {","                    return;","                }","                // append text to #outputTextareaStdout1","                element.value += Array.from(arguments).map(function (arg) {","                    return typeof arg === 'string'","                        ? arg","                        : JSON.stringify(arg, null, 4);","                }).join(' ') + '\\n';","                // scroll textarea to bottom","                element.scrollTop = element.scrollHeight;","            };","        });","        // init event-handling","        ['change', 'click', 'keyup'].forEach(function (event) {","            Array.from(document.querySelectorAll('.on' + event)).forEach(function (element) {","                element.addEventListener(event, local.testRunBrowser);","            });","        });","        // run tests","        local.testRunBrowser();","        break;","","","","    // run node js-env code - init-after","    /* istanbul ignore next */","    case 'node':","        // export local","        module.exports = local;","        // require modules","        local.fs = require('fs');","        local.http = require('http');","        local.url = require('url');","        // init assets","        local.assetsDict = local.assetsDict || {};","        /* jslint-ignore-begin */","        local.assetsDict['/assets.index.template.html'] = '\\","<!doctype html>\\n\\","<html lang=\"en\">\\n\\","<head>\\n\\","<meta charset=\"UTF-8\">\\n\\","<meta name=\"viewport\" content=\"width=device-width, initial-scale=1\">\\n\\","<title>{{env.npm_package_name}} (v{{env.npm_package_version}})</title>\\n\\","<style>\\n\\","/*csslint\\n\\","    box-sizing: false,\\n\\","    universal-selector: false\\n\\","*/\\n\\","* {\\n\\","    box-sizing: border-box;\\n\\","}\\n\\","body {\\n\\","    background: #dde;\\n\\","    font-family: Arial, Helvetica, sans-serif;\\n\\","    margin: 2rem;\\n\\","}\\n\\","body > * {\\n\\","    margin-bottom: 1rem;\\n\\","}\\n\\",".utility2FooterDiv {\\n\\","    margin-top: 20px;\\n\\","    text-align: center;\\n\\","}\\n\\","</style>\\n\\","<style>\\n\\","/*csslint\\n\\","*/\\n\\","textarea {\\n\\","    font-family: monospace;\\n\\","    height: 10rem;\\n\\","    width: 100%;\\n\\","}\\n\\","textarea[readonly] {\\n\\","    background: #ddd;\\n\\","}\\n\\","</style>\\n\\","</head>\\n\\","<body>\\n\\","<!-- utility2-comment\\n\\","<div id=\"ajaxProgressDiv1\" style=\"background: #d00; height: 2px; left: 0; margin: 0; padding: 0; position: fixed; top: 0; transition: background 0.5s, width 1.5s; width: 25%;\"></div>\\n\\","utility2-comment -->\\n\\","<h1>\\n\\","<!-- utility2-comment\\n\\","    <a\\n\\","        {{#if env.npm_package_homepage}}\\n\\","        href=\"{{env.npm_package_homepage}}\"\\n\\","        {{/if env.npm_package_homepage}}\\n\\","        target=\"_blank\"\\n\\","    >\\n\\","utility2-comment -->\\n\\","        {{env.npm_package_name}} (v{{env.npm_package_version}})\\n\\","<!-- utility2-comment\\n\\","    </a>\\n\\","utility2-comment -->\\n\\","</h1>\\n\\","<h3>{{env.npm_package_description}}</h3>\\n\\","<!-- utility2-comment\\n\\","<h4><a download href=\"assets.app.js\">download standalone app</a></h4>\\n\\","<button class=\"onclick onreset\" id=\"testRunButton1\">run internal test</button><br>\\n\\","<div id=\"testReportDiv1\" style=\"display: none;\"></div>\\n\\","utility2-comment -->\\n\\","\\n\\","\\n\\","\\n\\","<label>stderr and stdout</label>\\n\\","<textarea class=\"resettable\" id=\"outputTextareaStdout1\" readonly></textarea>\\n\\","<!-- utility2-comment\\n\\","{{#if isRollup}}\\n\\","<script src=\"assets.app.js\"></script>\\n\\","{{#unless isRollup}}\\n\\","utility2-comment -->\\n\\","<script src=\"assets.utility2.rollup.js\"></script>\\n\\","<script src=\"jsonp.utility2._stateInit?callback=window.utility2._stateInit\"></script>\\n\\","<script src=\"assets.npmtest_react_share.rollup.js\"></script>\\n\\","<script src=\"assets.example.js\"></script>\\n\\","<script src=\"assets.test.js\"></script>\\n\\","<!-- utility2-comment\\n\\","{{/if isRollup}}\\n\\","utility2-comment -->\\n\\","<div class=\"utility2FooterDiv\">\\n\\","    [ this app was created with\\n\\","    <a href=\"https://github.com/kaizhu256/node-utility2\" target=\"_blank\">utility2</a>\\n\\","    ]\\n\\","</div>\\n\\","</body>\\n\\","</html>\\n\\","';","        /* jslint-ignore-end */","        if (local.templateRender) {","            local.assetsDict['/'] = local.templateRender(","                local.assetsDict['/assets.index.template.html'],","                {","                    env: local.objectSetDefault(local.env, {","                        npm_package_description: 'the greatest app in the world!',","                        npm_package_name: 'my-app',","                        npm_package_nameAlias: 'my_app',","                        npm_package_version: '0.0.1'","                    })","                }","            );","        } else {","            local.assetsDict['/'] = local.assetsDict['/assets.index.template.html']","                .replace((/\\{\\{env\\.(\\w+?)\\}\\}/g), function (match0, match1) {","                    // jslint-hack","                    String(match0);","                    switch (match1) {","                    case 'npm_package_description':","                        return 'the greatest app in the world!';","                    case 'npm_package_name':","                        return 'my-app';","                    case 'npm_package_nameAlias':","                        return 'my_app';","                    case 'npm_package_version':","                        return '0.0.1';","                    }","                });","        }","        // run the cli","        if (local.global.utility2_rollup || module !== require.main) {","            break;","        }","        local.assetsDict['/assets.example.js'] =","            local.assetsDict['/assets.example.js'] ||","            local.fs.readFileSync(__filename, 'utf8');","        // bug-workaround - long $npm_package_buildCustomOrg","        /* jslint-ignore-begin */","        local.assetsDict['/assets.npmtest_react_share.rollup.js'] =","            local.assetsDict['/assets.npmtest_react_share.rollup.js'] ||","            local.fs.readFileSync(","                local.npmtest_react_share.__dirname + '/lib.npmtest_react_share.js',","                'utf8'","            ).replace((/^#!/), '//');","        /* jslint-ignore-end */","        local.assetsDict['/favicon.ico'] = local.assetsDict['/favicon.ico'] || '';","        // if $npm_config_timeout_exit exists,","        // then exit this process after $npm_config_timeout_exit ms","        if (Number(process.env.npm_config_timeout_exit)) {","            setTimeout(process.exit, Number(process.env.npm_config_timeout_exit));","        }","        // start server","        if (local.global.utility2_serverHttp1) {","            break;","        }","        process.env.PORT = process.env.PORT || '8081';","        console.error('server starting on port ' + process.env.PORT);","        local.http.createServer(function (request, response) {","            request.urlParsed = local.url.parse(request.url);","            if (local.assetsDict[request.urlParsed.pathname] !== undefined) {","                response.end(local.assetsDict[request.urlParsed.pathname]);","                return;","            }","            response.statusCode = 404;","            response.end();","        }).listen(process.env.PORT);","        break;","    }","}());",""],"l":{"26":2,"28":2,"33":2,"35":2,"37":2,"38":2,"39":2,"44":1,"51":2,"55":2,"59":2,"61":2,"69":1,"70":2,"76":2,"79":2,"82":2,"83":2,"85":1,"89":2,"92":1,"93":1,"94":1,"96":1,"97":1,"100":1,"101":1,"103":1,"106":1,"108":2,"114":1,"116":1,"118":1,"123":1,"124":2,"125":2,"126":3,"127":3,"128":3,"129":3,"130":1,"133":3,"134":3,"139":3,"143":1,"144":3,"145":1,"149":1,"150":1,"158":1,"160":1,"161":1,"162":1,"164":1,"166":1,"258":1,"259":1,"271":1,"274":6,"275":6,"277":1,"279":2,"281":1,"283":2,"288":1,"289":1,"291":1,"296":1,"303":1,"306":1,"307":1,"310":1,"311":1,"313":1,"314":1,"315":1,"316":1,"317":1,"318":1,"319":1,"321":1,"322":1,"324":1}},"/home/travis/build/npmtest/node-npmtest-react-share/node_modules/react-share/lib/react-share.js":{"path":"/home/travis/build/npmtest/node-npmtest-react-share/node_modules/react-share/lib/react-share.js","s":{"1":1,"2":1,"3":1,"4":1,"5":1,"6":1,"7":1,"8":1,"9":2,"10":2,"11":0,"12":0,"13":0,"14":0,"15":0,"16":0,"17":0,"18":1,"19":1,"20":1},"b":{"1":[2,0],"2":[2,2],"3":[0,0],"4":[0,0]},"f":{"1":2},"fnMap":{"1":{"name":"_interopRequireWildcard","line":18,"loc":{"start":{"line":18,"column":0},"end":{"line":18,"column":38}}}},"statementMap":{"1":{"start":{"line":3,"column":0},"end":{"line":5,"column":3}},"2":{"start":{"line":6,"column":0},"end":{"line":6,"column":83}},"3":{"start":{"line":8,"column":0},"end":{"line":8,"column":46}},"4":{"start":{"line":10,"column":0},"end":{"line":10,"column":47}},"5":{"start":{"line":12,"column":0},"end":{"line":12,"column":58}},"6":{"start":{"line":14,"column":0},"end":{"line":14,"column":45}},"7":{"start":{"line":16,"column":0},"end":{"line":16,"column":56}},"8":{"start":{"line":18,"column":0},"end":{"line":18,"column":269}},"9":{"start":{"line":18,"column":40},"end":{"line":18,"column":267}},"10":{"start":{"line":18,"column":69},"end":{"line":18,"column":80}},"11":{"start":{"line":18,"column":90},"end":{"line":18,"column":106}},"12":{"start":{"line":18,"column":107},"end":{"line":18,"column":228}},"13":{"start":{"line":18,"column":126},"end":{"line":18,"column":226}},"14":{"start":{"line":18,"column":149},"end":{"line":18,"column":224}},"15":{"start":{"line":18,"column":201},"end":{"line":18,"column":224}},"16":{"start":{"line":18,"column":229},"end":{"line":18,"column":250}},"17":{"start":{"line":18,"column":251},"end":{"line":18,"column":265}},"18":{"start":{"line":20,"column":0},"end":{"line":20,"column":55}},"19":{"start":{"line":21,"column":0},"end":{"line":21,"column":36}},"20":{"start":{"line":22,"column":0},"end":{"line":22,"column":34}}},"branchMap":{"1":{"line":18,"type":"if","locations":[{"start":{"line":18,"column":40},"end":{"line":18,"column":40}},{"start":{"line":18,"column":40},"end":{"line":18,"column":40}}]},"2":{"line":18,"type":"binary-expr","locations":[{"start":{"line":18,"column":44},"end":{"line":18,"column":47}},{"start":{"line":18,"column":51},"end":{"line":18,"column":65}}]},"3":{"line":18,"type":"if","locations":[{"start":{"line":18,"column":107},"end":{"line":18,"column":107}},{"start":{"line":18,"column":107},"end":{"line":18,"column":107}}]},"4":{"line":18,"type":"if","locations":[{"start":{"line":18,"column":149},"end":{"line":18,"column":149}},{"start":{"line":18,"column":149},"end":{"line":18,"column":149}}]}},"code":["'use strict';","","Object.defineProperty(exports, \"__esModule\", {","  value: true","});","exports.ShareCounts = exports.ShareButtons = exports.generateShareIcon = undefined;","","var _generateIcon = require('./generateIcon');","","var _shareButtons = require('./share-buttons');","","var ShareButtons = _interopRequireWildcard(_shareButtons);","","var _shareCounts = require('./share-counts');","","var ShareCounts = _interopRequireWildcard(_shareCounts);","","function _interopRequireWildcard(obj) { if (obj && obj.__esModule) { return obj; } else { var newObj = {}; if (obj != null) { for (var key in obj) { if (Object.prototype.hasOwnProperty.call(obj, key)) newObj[key] = obj[key]; } } newObj.default = obj; return newObj; } }","","exports.generateShareIcon = _generateIcon.generateIcon;","exports.ShareButtons = ShareButtons;","exports.ShareCounts = ShareCounts;"],"l":{"3":1,"6":1,"8":1,"10":1,"12":1,"14":1,"16":1,"18":2,"20":1,"21":1,"22":1}},"/home/travis/build/npmtest/node-npmtest-react-share/node_modules/react-share/lib/generateIcon.js":{"path":"/home/travis/build/npmtest/node-npmtest-react-share/node_modules/react-share/lib/generateIcon.js","s":{"1":1,"2":1,"3":1,"4":1,"5":1,"6":1,"7":1,"8":1,"9":1,"10":1,"11":1,"12":4,"13":1,"14":0,"15":0,"16":0,"17":0,"18":0,"19":0,"20":0,"21":0,"22":0,"23":0,"24":0,"25":0},"b":{"1":[2,2],"2":[4,4],"3":[0,0],"4":[0,0],"5":[0,0]},"f":{"1":4,"2":0,"3":0},"fnMap":{"1":{"name":"_interopRequireDefault","line":25,"loc":{"start":{"line":25,"column":0},"end":{"line":25,"column":37}}},"2":{"name":"generateIcon","line":27,"loc":{"start":{"line":27,"column":0},"end":{"line":27,"column":31}}},"3":{"name":"Icon","line":34,"loc":{"start":{"line":34,"column":13},"end":{"line":34,"column":34}}}},"statementMap":{"1":{"start":{"line":3,"column":0},"end":{"line":5,"column":3}},"2":{"start":{"line":7,"column":0},"end":{"line":7,"column":57}},"3":{"start":{"line":9,"column":0},"end":{"line":9,"column":50}},"4":{"start":{"line":11,"column":0},"end":{"line":11,"column":36}},"5":{"start":{"line":13,"column":0},"end":{"line":13,"column":30}},"6":{"start":{"line":15,"column":0},"end":{"line":15,"column":45}},"7":{"start":{"line":17,"column":0},"end":{"line":17,"column":39}},"8":{"start":{"line":19,"column":0},"end":{"line":19,"column":53}},"9":{"start":{"line":21,"column":0},"end":{"line":21,"column":32}},"10":{"start":{"line":23,"column":0},"end":{"line":23,"column":45}},"11":{"start":{"line":25,"column":0},"end":{"line":25,"column":95}},"12":{"start":{"line":25,"column":39},"end":{"line":25,"column":93}},"13":{"start":{"line":27,"column":0},"end":{"line":99,"column":1}},"14":{"start":{"line":28,"column":2},"end":{"line":30,"column":3}},"15":{"start":{"line":29,"column":4},"end":{"line":29,"column":62}},"16":{"start":{"line":32,"column":2},"end":{"line":32,"column":58}},"17":{"start":{"line":34,"column":2},"end":{"line":83,"column":4}},"18":{"start":{"line":35,"column":4},"end":{"line":39,"column":26}},"19":{"start":{"line":42,"column":4},"end":{"line":45,"column":6}},"20":{"start":{"line":47,"column":4},"end":{"line":47,"column":82}},"21":{"start":{"line":49,"column":4},"end":{"line":49,"column":67}},"22":{"start":{"line":51,"column":4},"end":{"line":82,"column":6}},"23":{"start":{"line":85,"column":2},"end":{"line":91,"column":4}},"24":{"start":{"line":93,"column":2},"end":{"line":96,"column":4}},"25":{"start":{"line":98,"column":2},"end":{"line":98,"column":14}}},"branchMap":{"1":{"line":25,"type":"cond-expr","locations":[{"start":{"line":25,"column":70},"end":{"line":25,"column":73}},{"start":{"line":25,"column":76},"end":{"line":25,"column":92}}]},"2":{"line":25,"type":"binary-expr","locations":[{"start":{"line":25,"column":46},"end":{"line":25,"column":49}},{"start":{"line":25,"column":53},"end":{"line":25,"column":67}}]},"3":{"line":28,"type":"if","locations":[{"start":{"line":28,"column":2},"end":{"line":28,"column":2}},{"start":{"line":28,"column":2},"end":{"line":28,"column":2}}]},"4":{"line":47,"type":"binary-expr","locations":[{"start":{"line":47,"column":65},"end":{"line":47,"column":74}},{"start":{"line":47,"column":78},"end":{"line":47,"column":80}}]},"5":{"line":65,"type":"cond-expr","locations":[{"start":{"line":65,"column":19},"end":{"line":69,"column":38}},{"start":{"line":69,"column":41},"end":{"line":74,"column":38}}]}},"code":["'use strict';","","Object.defineProperty(exports, \"__esModule\", {","  value: true","});","","var _extends2 = require('babel-runtime/helpers/extends');","","var _extends3 = _interopRequireDefault(_extends2);","","exports.generateIcon = generateIcon;","","var _react = require('react');","","var _react2 = _interopRequireDefault(_react);","","var _propTypes = require('prop-types');","","var _propTypes2 = _interopRequireDefault(_propTypes);","","var _icons = require('./icons');","","var _icons2 = _interopRequireDefault(_icons);","","function _interopRequireDefault(obj) { return obj && obj.__esModule ? obj : { default: obj }; }","","function generateIcon(network) {","  if (!_icons2.default[network.toLowerCase()]) {","    throw new Error('invalid network name for a social icon');","  }","","  var iconConfig = _icons2.default[network.toLowerCase()];","","  var Icon = function Icon(props) {","    var className = props.className,","        iconBgStyle = props.iconBgStyle,","        logoFillColor = props.logoFillColor,","        round = props.round,","        size = props.size;","","","    var baseStyle = {","      width: size,","      height: size","    };","","    var classes = 'social-icon social-icon--' + network + ' ' + (className || '');","","    var finalIconBgStyle = (0, _extends3.default)({}, iconBgStyle);","","    return _react2.default.createElement(","      'div',","      { style: baseStyle },","      _react2.default.createElement(","        'svg',","        {","          viewBox: '0 0 64 64',","          fill: logoFillColor,","          width: size,","          height: size,","          className: classes },","        _react2.default.createElement(","          'g',","          null,","          !round ? _react2.default.createElement('rect', {","            width: '64',","            height: '64',","            fill: iconConfig.color,","            style: finalIconBgStyle }) : _react2.default.createElement('circle', {","            cx: '32',","            cy: '32',","            r: '31',","            fill: iconConfig.color,","            style: finalIconBgStyle })","        ),","        _react2.default.createElement(","          'g',","          null,","          _react2.default.createElement('path', { d: iconConfig.icon })","        )","      )","    );","  };","","  Icon.propTypes = {","    className: _propTypes2.default.string,","    iconBgStyle: _propTypes2.default.object,","    logoFillColor: _propTypes2.default.string,","    round: _propTypes2.default.bool,","    size: _propTypes2.default.number","  };","","  Icon.defaultProps = {","    logoFillColor: 'white',","    size: 64","  };","","  return Icon;","}"],"l":{"3":1,"7":1,"9":1,"11":1,"13":1,"15":1,"17":1,"19":1,"21":1,"23":1,"25":4,"27":1,"28":0,"29":0,"32":0,"34":0,"35":0,"42":0,"47":0,"49":0,"51":0,"85":0,"93":0,"98":0}},"/home/travis/build/npmtest/node-npmtest-react-share/node_modules/react-share/lib/icons.js":{"path":"/home/travis/build/npmtest/node-npmtest-react-share/node_modules/react-share/lib/icons.js","s":{"1":1,"2":1},"b":{},"f":{},"fnMap":{},"statementMap":{"1":{"start":{"line":3,"column":0},"end":{"line":5,"column":3}},"2":{"start":{"line":7,"column":0},"end":{"line":53,"column":2}}},"branchMap":{},"code":["'use strict';","","Object.defineProperty(exports, \"__esModule\", {","  value: true","});","/* eslint-disable max-len */","exports.default = {","  facebook: {","    icon: 'M34.1,47V33.3h4.6l0.7-5.3h-5.3v-3.4c0-1.5,0.4-2.6,2.6-2.6l2.8,0v-4.8c-0.5-0.1-2.2-0.2-4.1-0.2 c-4.1,0-6.9,2.5-6.9,7V28H24v5.3h4.6V47H34.1z',","    mask: 'M0,0v64h64V0H0z M39.6,22l-2.8,0c-2.2,0-2.6,1.1-2.6,2.6V28h5.3l-0.7,5.3h-4.6V47h-5.5V33.3H24V28h4.6V24 c0-4.6,2.8-7,6.9-7c2,0,3.6,0.1,4.1,0.2V22z',","    color: '#3b5998'","  },","  google: {","    icon: 'M25.3,30.1v3.8h6.3c-0.3,1.6-1.9,4.8-6.3,4.8c-3.8,0-6.9-3.1-6.9-7s3.1-7,6.9-7c2.2,0,3.6,0.9,4.4,1.7l3-2.9c-1.9-1.8-4.4-2.9-7.4-2.9c-6.1,0-11.1,5-11.1,11.1s5,11.1,11.1,11.1c6.4,0,10.7-4.5,10.7-10.9c0-0.7-0.1-1.3-0.2-1.8H25.3L25.3,30.1z M49.8,28.9h-3.2v-3.2h-3.2v3.2h-3.2v3.2h3.2v3.2h3.2v-3.2h3.2',","    mask: 'M0,0v64h64V0H0z M31.3,19.1c0.3,0.3,0.6,0.7,0.9,1.2c0.3,0.4,0.5,0.9,0.7,1.5c0.2,0.6,0.3,1.3,0.3,2.1 c0,1.4-0.3,2.6-0.9,3.4c-0.3,0.4-0.6,0.8-0.9,1.2c-0.4,0.4-0.8,0.7-1.2,1.1c-0.2,0.2-0.5,0.5-0.7,0.8c-0.2,0.3-0.4,0.7-0.4,1.1 c0,0.4,0.1,0.8,0.4,1c0.2,0.3,0.4,0.5,0.6,0.7l1.4,1.1c0.8,0.7,1.6,1.5,2.2,2.3c0.6,0.8,0.9,2,0.9,3.3c0,1.9-0.9,3.7-2.6,5.2 c-1.8,1.6-4.3,2.4-7.7,2.4c-2.8,0-4.9-0.6-6.3-1.8c-1.4-1.1-2.1-2.4-2.1-3.9c0-0.7,0.2-1.6,0.7-2.5c0.4-0.9,1.2-1.7,2.4-2.4 c1.3-0.7,2.7-1.2,4.1-1.5c1.4-0.2,2.6-0.3,3.5-0.4c-0.3-0.4-0.5-0.8-0.8-1.2c-0.3-0.4-0.4-0.9-0.4-1.5c0-0.4,0-0.6,0.2-0.9 c0.1-0.2,0.2-0.5,0.2-0.7c-0.5,0.1-0.9,0.1-1.3,0.1c-2.1,0-3.8-0.7-4.9-2c-1.2-1.2-1.8-2.7-1.8-4.3c0-2,0.8-3.8,2.5-5.4 c1.1-0.9,2.3-1.6,3.5-1.8c1.2-0.2,2.3-0.4,3.4-0.4h8L33,18.4h-2.5C30.7,18.6,31,18.8,31.3,19.1z M48,32h-4.3v4.2h-2.5V32H37v-2.5 h4.2v-4.3h2.5v4.3H48V32z M27.1,19.1c-0.6-0.5-1.4-0.7-2.2-0.7c-1.1,0-2,0.5-2.7,1.3c-0.6,0.9-0.9,1.9-0.9,3c0,1.5,0.4,3,1.3,4.5 c0.4,0.7,0.9,1.4,1.6,1.9c0.6,0.5,1.4,0.8,2.2,0.8c1.1,0,1.9-0.4,2.6-1.1c0.3-0.5,0.6-1,0.7-1.6c0.1-0.5,0.1-1,0.1-1.4 c0-1.6-0.4-3.2-1.2-4.8C28.2,20.2,27.7,19.5,27.1,19.1z M26.9,36.2c-0.2,0-0.7,0-1.6,0.1c-0.8,0.1-1.7,0.3-2.5,0.6 c-0.2,0.1-0.5,0.2-0.9,0.4c-0.4,0.2-0.7,0.4-1.1,0.7c-0.4,0.3-0.7,0.7-0.9,1.2c-0.3,0.5-0.4,1.1-0.4,1.8c0,1.4,0.6,2.6,1.9,3.5 c1.2,0.9,2.9,1.4,5,1.4c1.9,0,3.3-0.4,4.3-1.3c1-0.8,1.5-1.8,1.5-3.1c0-1-0.3-1.9-1-2.7c-0.7-0.7-1.8-1.6-3.3-2.6 C27.5,36.2,27.2,36.2,26.9,36.2z',","    color: '#dd4b39'","  },","  linkedin: {","    icon: 'M20.4,44h5.4V26.6h-5.4V44z M23.1,18c-1.7,0-3.1,1.4-3.1,3.1c0,1.7,1.4,3.1,3.1,3.1 c1.7,0,3.1-1.4,3.1-3.1C26.2,19.4,24.8,18,23.1,18z M39.5,26.2c-2.6,0-4.4,1.4-5.1,2.8h-0.1v-2.4h-5.2V44h5.4v-8.6 c0-2.3,0.4-4.5,3.2-4.5c2.8,0,2.8,2.6,2.8,4.6V44H46v-9.5C46,29.8,45,26.2,39.5,26.2z',","    mask: 'M0,0v64h64V0H0z M25.8,44h-5.4V26.6h5.4V44z M23.1,24.3c-1.7,0-3.1-1.4-3.1-3.1c0-1.7,1.4-3.1,3.1-3.1 c1.7,0,3.1,1.4,3.1,3.1C26.2,22.9,24.8,24.3,23.1,24.3z M46,44h-5.4v-8.4c0-2,0-4.6-2.8-4.6c-2.8,0-3.2,2.2-3.2,4.5V44h-5.4V26.6 h5.2V29h0.1c0.7-1.4,2.5-2.8,5.1-2.8c5.5,0,6.5,3.6,6.5,8.3V44z',","    color: '#007fb1'","  },","  twitter: {","    icon: 'M48,22.1c-1.2,0.5-2.4,0.9-3.8,1c1.4-0.8,2.4-2.1,2.9-3.6c-1.3,0.8-2.7,1.3-4.2,1.6 C41.7,19.8,40,19,38.2,19c-3.6,0-6.6,2.9-6.6,6.6c0,0.5,0.1,1,0.2,1.5c-5.5-0.3-10.3-2.9-13.5-6.9c-0.6,1-0.9,2.1-0.9,3.3 c0,2.3,1.2,4.3,2.9,5.5c-1.1,0-2.1-0.3-3-0.8c0,0,0,0.1,0,0.1c0,3.2,2.3,5.8,5.3,6.4c-0.6,0.1-1.1,0.2-1.7,0.2c-0.4,0-0.8,0-1.2-0.1 c0.8,2.6,3.3,4.5,6.1,4.6c-2.2,1.8-5.1,2.8-8.2,2.8c-0.5,0-1.1,0-1.6-0.1c2.9,1.9,6.4,2.9,10.1,2.9c12.1,0,18.7-10,18.7-18.7 c0-0.3,0-0.6,0-0.8C46,24.5,47.1,23.4,48,22.1z',","    mask: 'M0,0v64h64V0H0z M44.7,25.5c0,0.3,0,0.6,0,0.8C44.7,35,38.1,45,26.1,45c-3.7,0-7.2-1.1-10.1-2.9 c0.5,0.1,1,0.1,1.6,0.1c3.1,0,5.9-1,8.2-2.8c-2.9-0.1-5.3-2-6.1-4.6c0.4,0.1,0.8,0.1,1.2,0.1c0.6,0,1.2-0.1,1.7-0.2 c-3-0.6-5.3-3.3-5.3-6.4c0,0,0-0.1,0-0.1c0.9,0.5,1.9,0.8,3,0.8c-1.8-1.2-2.9-3.2-2.9-5.5c0-1.2,0.3-2.3,0.9-3.3 c3.2,4,8.1,6.6,13.5,6.9c-0.1-0.5-0.2-1-0.2-1.5c0-3.6,2.9-6.6,6.6-6.6c1.9,0,3.6,0.8,4.8,2.1c1.5-0.3,2.9-0.8,4.2-1.6 c-0.5,1.5-1.5,2.8-2.9,3.6c1.3-0.2,2.6-0.5,3.8-1C47.1,23.4,46,24.5,44.7,25.5z',","    color: '#00aced'","  },","  pinterest: {","    icon: 'M32,16c-8.8,0-16,7.2-16,16c0,6.6,3.9,12.2,9.6,14.7c0-1.1,0-2.5,0.3-3.7 c0.3-1.3,2.1-8.7,2.1-8.7s-0.5-1-0.5-2.5c0-2.4,1.4-4.1,3.1-4.1c1.5,0,2.2,1.1,2.2,2.4c0,1.5-0.9,3.7-1.4,5.7 c-0.4,1.7,0.9,3.1,2.5,3.1c3,0,5.1-3.9,5.1-8.5c0-3.5-2.4-6.1-6.7-6.1c-4.9,0-7.9,3.6-7.9,7.7c0,1.4,0.4,2.4,1.1,3.1 c0.3,0.3,0.3,0.5,0.2,0.9c-0.1,0.3-0.3,1-0.3,1.3c-0.1,0.4-0.4,0.6-0.8,0.4c-2.2-0.9-3.3-3.4-3.3-6.1c0-4.5,3.8-10,11.4-10 c6.1,0,10.1,4.4,10.1,9.2c0,6.3-3.5,11-8.6,11c-1.7,0-3.4-0.9-3.9-2c0,0-0.9,3.7-1.1,4.4c-0.3,1.2-1,2.5-1.6,3.4 c1.4,0.4,3,0.7,4.5,0.7c8.8,0,16-7.2,16-16C48,23.2,40.8,16,32,16z',","    mask: 'M0,0v64h64V0H0z M32,48c-1.6,0-3.1-0.2-4.5-0.7c0.6-1,1.3-2.2,1.6-3.4c0.2-0.7,1.1-4.4,1.1-4.4 c0.6,1.1,2.2,2,3.9,2c5.1,0,8.6-4.7,8.6-11c0-4.7-4-9.2-10.1-9.2c-7.6,0-11.4,5.5-11.4,10c0,2.8,1,5.2,3.3,6.1 c0.4,0.1,0.7,0,0.8-0.4c0.1-0.3,0.2-1,0.3-1.3c0.1-0.4,0.1-0.5-0.2-0.9c-0.6-0.8-1.1-1.7-1.1-3.1c0-4,3-7.7,7.9-7.7 c4.3,0,6.7,2.6,6.7,6.1c0,4.6-2,8.5-5.1,8.5c-1.7,0-2.9-1.4-2.5-3.1c0.5-2,1.4-4.2,1.4-5.7c0-1.3-0.7-2.4-2.2-2.4 c-1.7,0-3.1,1.8-3.1,4.1c0,1.5,0.5,2.5,0.5,2.5s-1.8,7.4-2.1,8.7c-0.3,1.2-0.3,2.6-0.3,3.7C19.9,44.2,16,38.6,16,32 c0-8.8,7.2-16,16-16c8.8,0,16,7.2,16,16C48,40.8,40.8,48,32,48z',","    color: '#cb2128'","  },","  vk: {","    icon: 'M44.94,44.84h-0.2c-2.17-.36-3.66-1.92-4.92-3.37C39.1,40.66,38,38.81,36.7,39c-1.85.3-.93,3.52-1.71,4.9-0.62,1.11-3.29.91-5.12,0.71-5.79-.62-8.75-3.77-11.35-7.14A64.13,64.13,0,0,1,11.6,26a10.59,10.59,0,0,1-1.51-4.49C11,20.7,12.56,21,14.11,21c1.31,0,3.36-.29,4.32.2C19,21.46,19.57,23,20,24a37.18,37.18,0,0,0,3.31,5.82c0.56,0.81,1.41,2.35,2.41,2.14s1.06-2.63,1.1-4.18c0-1.77,0-4-.5-4.9S25,22,24.15,21.47c0.73-1.49,2.72-1.63,5.12-1.63,2,0,4.84-.23,5.62,1.12s0.25,3.85.2,5.71c-0.06,2.09-.41,4.25,1,5.21,1.09-.12,1.68-1.2,2.31-2A28,28,0,0,0,41.72,24c0.44-1,.91-2.65,1.71-3,1.21-.47,3.15-0.1,4.92-0.1,1.46,0,4.05-.41,4.52.61,0.39,0.85-.75,3-1.1,3.57a61.88,61.88,0,0,1-4.12,5.61c-0.58.78-1.78,2-1.71,3.27,0.05,0.94,1,1.67,1.71,2.35a33.12,33.12,0,0,1,3.92,4.18c0.47,0.62,1.5,2,1.4,2.76C52.66,45.81,46.88,44.24,44.94,44.84Z',","    mask: 'M0,0v64h64V0H0z M44.94,44.84h-0.2c-2.17-.36-3.66-1.92-4.92-3.37C39.1,40.66,38,38.81,36.7,39c-1.85.3-.93,3.52-1.71,4.9-0.62,1.11-3.29.91-5.12,0.71-5.79-.62-8.75-3.77-11.35-7.14A64.13,64.13,0,0,1,11.6,26a10.59,10.59,0,0,1-1.51-4.49C11,20.7,12.56,21,14.11,21c1.31,0,3.36-.29,4.32.2C19,21.46,19.57,23,20,24a37.18,37.18,0,0,0,3.31,5.82c0.56,0.81,1.41,2.35,2.41,2.14s1.06-2.63,1.1-4.18c0-1.77,0-4-.5-4.9S25,22,24.15,21.47c0.73-1.49,2.72-1.63,5.12-1.63,2,0,4.84-.23,5.62,1.12s0.25,3.85.2,5.71c-0.06,2.09-.41,4.25,1,5.21,1.09-.12,1.68-1.2,2.31-2A28,28,0,0,0,41.72,24c0.44-1,.91-2.65,1.71-3,1.21-.47,3.15-0.1,4.92-0.1,1.46,0,4.05-.41,4.52.61,0.39,0.85-.75,3-1.1,3.57a61.88,61.88,0,0,1-4.12,5.61c-0.58.78-1.78,2-1.71,3.27,0.05,0.94,1,1.67,1.71,2.35a33.12,33.12,0,0,1,3.92,4.18c0.47,0.62,1.5,2,1.4,2.76C52.66,45.81,46.88,44.24,44.94,44.84Z',","    color: '#45668e'","  },","  ok: {","    icon: 'M39,30c-1,0-3,2-7,2s-6-2-7-2c-1.1,0-2,0.9-2,2c0,1,0.6,1.5,1,1.7c1.2,0.7,5,2.3,5,2.3l-4.3,5.4   c0,0-0.8,0.9-0.8,1.6c0,1.1,0.9,2,2,2c1,0,1.5-0.7,1.5-0.7S32,39,32,39c0,0,4.5,5.3,4.5,5.3S37,45,38,45c1.1,0,2-0.9,2-2   c0-0.6-0.8-1.6-0.8-1.6L35,36c0,0,3.8-1.6,5-2.3c0.4-0.3,1-0.7,1-1.7C41,30.9,40.1,30,39,30z M32,15c-3.9,0-7,3.1-7,7s3.1,7,7,7c3.9,0,7-3.1,7-7S35.9,15,32,15z M32,25.5   c-1.9,0-3.5-1.6-3.5-3.5c0-1.9,1.6-3.5,3.5-3.5c1.9,0,3.5,1.6,3.5,3.5C35.5,23.9,33.9,22.5,35,22.5z ',","    mask: 'M45,1H5C2.8,1,1,2.8,1,5v40c0,2.2,1.8,4,4,4h40c2.2,0,4-1.8,4-4V5C49,2.8,47.2,1,45,1z',","    color: '#f2720c'","  },","  telegram: {","    icon: 'm45.90873,15.44335c-0.6901,-0.0281 -1.37668,0.14048 -1.96142,0.41265c-0.84989,0.32661 -8.63939,3.33986 -16.5237,6.39174c-3.9685,1.53296 -7.93349,3.06593 -10.98537,4.24067c-3.05012,1.1765 -5.34694,2.05098 -5.4681,2.09312c-0.80775,0.28096 -1.89996,0.63566 -2.82712,1.72788c-0.23354,0.27218 -0.46884,0.62161 -0.58825,1.10275c-0.11941,0.48114 -0.06673,1.09222 0.16682,1.5716c0.46533,0.96052 1.25376,1.35737 2.18443,1.71383c3.09051,0.99037 6.28638,1.93508 8.93263,2.8236c0.97632,3.44171 1.91401,6.89571 2.84116,10.34268c0.30554,0.69185 0.97105,0.94823 1.65764,0.95525l-0.00351,0.03512c0,0 0.53908,0.05268 1.06412,-0.07375c0.52679,-0.12292 1.18879,-0.42846 1.79109,-0.99212c0.662,-0.62161 2.45836,-2.38812 3.47683,-3.38552l7.6736,5.66477l0.06146,0.03512c0,0 0.84989,0.59703 2.09312,0.68132c0.62161,0.04214 1.4399,-0.07726 2.14229,-0.59176c0.70766,-0.51626 1.1765,-1.34683 1.396,-2.29506c0.65673,-2.86224 5.00979,-23.57745 5.75257,-27.00686l-0.02107,0.08077c0.51977,-1.93157 0.32837,-3.70159 -0.87096,-4.74991c-0.60054,-0.52152 -1.2924,-0.7498 -1.98425,-0.77965l0,0.00176zm-0.2072,3.29069c0.04741,0.0439 0.0439,0.0439 0.00351,0.04741c-0.01229,-0.00351 0.14048,0.2072 -0.15804,1.32576l-0.01229,0.04214l-0.00878,0.03863c-0.75858,3.50668 -5.15554,24.40802 -5.74203,26.96472c-0.08077,0.34417 -0.11414,0.31959 -0.09482,0.29852c-0.1756,-0.02634 -0.50045,-0.16506 -0.52679,-0.1756l-13.13468,-9.70175c4.4988,-4.33199 9.09945,-8.25307 13.744,-12.43229c0.8218,-0.41265 0.68483,-1.68573 -0.29852,-1.70681c-1.04305,0.24584 -1.92279,0.99564 -2.8798,1.47502c-5.49971,3.2626 -11.11882,6.13186 -16.55882,9.49279c-2.792,-0.97105 -5.57873,-1.77704 -8.15298,-2.57601c2.2336,-0.89555 4.00889,-1.55579 5.75608,-2.23009c3.05188,-1.1765 7.01687,-2.7042 10.98537,-4.24067c7.94051,-3.06944 15.92667,-6.16346 16.62028,-6.43037l0.05619,-0.02283l0.05268,-0.02283c0.19316,-0.0878 0.30378,-0.09658 0.35471,-0.10009c0,0 -0.01756,-0.05795 -0.00351,-0.04566l-0.00176,0zm-20.91715,22.0638l2.16687,1.60145c-0.93418,0.91311 -1.81743,1.77353 -2.45485,2.38812l0.28798,-3.98957',","    mask: 'M0,0v64h64V0H0z M32,48c-1.6,0-3.1-0.2-4.5-0.7c0.6-1,1.3-2.2,1.6-3.4c0.2-0.7,1.1-4.4,1.1-4.4 c0.6,1.1,2.2,2,3.9,2c5.1,0,8.6-4.7,8.6-11c0-4.7-4-9.2-10.1-9.2c-7.6,0-11.4,5.5-11.4,10c0,2.8,1,5.2,3.3,6.1 c0.4,0.1,0.7,0,0.8-0.4c0.1-0.3,0.2-1,0.3-1.3c0.1-0.4,0.1-0.5-0.2-0.9c-0.6-0.8-1.1-1.7-1.1-3.1c0-4,3-7.7,7.9-7.7 c4.3,0,6.7,2.6,6.7,6.1c0,4.6-2,8.5-5.1,8.5c-1.7,0-2.9-1.4-2.5-3.1c0.5-2,1.4-4.2,1.4-5.7c0-1.3-0.7-2.4-2.2-2.4 c-1.7,0-3.1,1.8-3.1,4.1c0,1.5,0.5,2.5,0.5,2.5s-1.8,7.4-2.1,8.7c-0.3,1.2-0.3,2.6-0.3,3.7C19.9,44.2,16,38.6,16,32 c0-8.8,7.2-16,16-16c8.8,0,16,7.2,16,16C48,40.8,40.8,48,32,48z',","    color: '#37aee2'","  },","  whatsapp: {","    icon: 'm42.32286,33.93287c-0.5178,-0.2589 -3.04726,-1.49644 -3.52105,-1.66732c-0.4712,-0.17346 -0.81554,-0.2589 -1.15987,0.2589c-0.34175,0.51004 -1.33075,1.66474 -1.63108,2.00648c-0.30032,0.33658 -0.60064,0.36247 -1.11327,0.12945c-0.5178,-0.2589 -2.17994,-0.80259 -4.14759,-2.56312c-1.53269,-1.37217 -2.56312,-3.05503 -2.86603,-3.57283c-0.30033,-0.5178 -0.03366,-0.80259 0.22524,-1.06149c0.23301,-0.23301 0.5178,-0.59547 0.7767,-0.90616c0.25372,-0.31068 0.33657,-0.5178 0.51262,-0.85437c0.17088,-0.36246 0.08544,-0.64725 -0.04402,-0.90615c-0.12945,-0.2589 -1.15987,-2.79613 -1.58964,-3.80584c-0.41424,-1.00971 -0.84142,-0.88027 -1.15987,-0.88027c-0.29773,-0.02588 -0.64208,-0.02588 -0.98382,-0.02588c-0.34693,0 -0.90616,0.12945 -1.37736,0.62136c-0.4712,0.5178 -1.80194,1.76053 -1.80194,4.27186c0,2.51134 1.84596,4.945 2.10227,5.30747c0.2589,0.33657 3.63497,5.51458 8.80262,7.74113c1.23237,0.5178 2.1903,0.82848 2.94111,1.08738c1.23237,0.38836 2.35599,0.33657 3.24402,0.20712c0.99159,-0.15534 3.04985,-1.24272 3.47963,-2.45956c0.44013,-1.21683 0.44013,-2.22654 0.31068,-2.45955c-0.12945,-0.23301 -0.46601,-0.36247 -0.98382,-0.59548m-9.40068,12.84407l-0.02589,0c-3.05503,0 -6.08417,-0.82849 -8.72495,-2.38189l-0.62136,-0.37023l-6.47252,1.68286l1.73463,-6.29129l-0.41424,-0.64725c-1.70875,-2.71846 -2.6149,-5.85116 -2.6149,-9.07706c0,-9.39809 7.68934,-17.06155 17.15993,-17.06155c4.58253,0 8.88029,1.78642 12.11655,5.02268c3.23625,3.21036 5.02267,7.50812 5.02267,12.06476c-0.0078,9.3981 -7.69712,17.06155 -17.14699,17.06155m14.58906,-31.58846c-3.93529,-3.80584 -9.1133,-5.95471 -14.62789,-5.95471c-11.36055,0 -20.60848,9.2065 -20.61625,20.52564c0,3.61684 0.94757,7.14565 2.75211,10.26282l-2.92557,10.63564l10.93337,-2.85309c3.0136,1.63108 6.4052,2.4958 9.85634,2.49839l0.01037,0c11.36574,0 20.61884,-9.2091 20.62403,-20.53082c0,-5.48093 -2.14111,-10.64081 -6.03239,-14.51915',","    mask: 'M0,0v64h64V0H0z M32,48c-1.6,0-3.1-0.2-4.5-0.7c0.6-1,1.3-2.2,1.6-3.4c0.2-0.7,1.1-4.4,1.1-4.4 c0.6,1.1,2.2,2,3.9,2c5.1,0,8.6-4.7,8.6-11c0-4.7-4-9.2-10.1-9.2c-7.6,0-11.4,5.5-11.4,10c0,2.8,1,5.2,3.3,6.1 c0.4,0.1,0.7,0,0.8-0.4c0.1-0.3,0.2-1,0.3-1.3c0.1-0.4,0.1-0.5-0.2-0.9c-0.6-0.8-1.1-1.7-1.1-3.1c0-4,3-7.7,7.9-7.7 c4.3,0,6.7,2.6,6.7,6.1c0,4.6-2,8.5-5.1,8.5c-1.7,0-2.9-1.4-2.5-3.1c0.5-2,1.4-4.2,1.4-5.7c0-1.3-0.7-2.4-2.2-2.4 c-1.7,0-3.1,1.8-3.1,4.1c0,1.5,0.5,2.5,0.5,2.5s-1.8,7.4-2.1,8.7c-0.3,1.2-0.3,2.6-0.3,3.7C19.9,44.2,16,38.6,16,32 c0-8.8,7.2-16,16-16c8.8,0,16,7.2,16,16C48,40.8,40.8,48,32,48z',","    color: '#2cb742'","  }","};","/* eslint-enable max-len */"],"l":{"3":1,"7":1}},"/home/travis/build/npmtest/node-npmtest-react-share/node_modules/react-share/lib/share-buttons.js":{"path":"/home/travis/build/npmtest/node-npmtest-react-share/node_modules/react-share/lib/share-buttons.js","s":{"1":1,"2":1,"3":1,"4":1,"5":1,"6":1,"7":1,"8":1,"9":1,"10":1,"11":1,"12":1,"13":1,"14":1,"15":1,"16":1,"17":1,"18":1,"19":1,"20":1,"21":1,"22":1,"23":1,"24":1,"25":1,"26":1,"27":1,"28":1,"29":0,"30":0,"31":0,"32":0,"33":0,"34":0,"35":0,"36":1,"37":10,"38":1,"39":1,"40":1,"41":1,"42":0,"43":0,"44":0,"45":0,"46":0,"47":0,"48":0,"49":0,"50":0,"51":0,"52":0,"53":0,"54":0,"55":0,"56":0,"57":0,"58":1,"59":0,"60":0,"61":0,"62":0,"63":0,"64":1,"65":1,"66":1,"67":1,"68":1,"69":9,"70":0,"71":9,"72":9,"73":9,"74":0,"75":9,"76":9,"77":9,"78":1,"79":0,"80":1,"81":0,"82":1,"83":0,"84":1,"85":0,"86":1,"87":1,"88":0,"89":1,"90":0,"91":1,"92":0,"93":1,"94":0},"b":{"1":[1,0],"2":[1,1],"3":[0,0],"4":[0,0],"5":[7,3],"6":[10,10],"7":[0,0],"8":[0,0],"9":[0,0],"10":[0,0],"11":[8,1],"12":[9,9],"13":[9,0],"14":[9,9]},"f":{"1":1,"2":10,"3":1,"4":0,"5":0,"6":0,"7":0,"8":0,"9":0,"10":9,"11":0,"12":0,"13":0,"14":0,"15":0,"16":0,"17":0,"18":0,"19":0,"20":0},"fnMap":{"1":{"name":"_interopRequireWildcard","line":54,"loc":{"start":{"line":54,"column":0},"end":{"line":54,"column":38}}},"2":{"name":"_interopRequireDefault","line":56,"loc":{"start":{"line":56,"column":0},"end":{"line":56,"column":37}}},"3":{"name":"(anonymous_3)","line":60,"loc":{"start":{"line":60,"column":18},"end":{"line":60,"column":40}}},"4":{"name":"ShareButton","line":63,"loc":{"start":{"line":63,"column":2},"end":{"line":63,"column":25}}},"5":{"name":"(anonymous_5)","line":74,"loc":{"start":{"line":74,"column":224},"end":{"line":74,"column":237}}},"6":{"name":"windowOpenBound","line":90,"loc":{"start":{"line":90,"column":30},"end":{"line":90,"column":57}}},"7":{"name":"(anonymous_7)","line":95,"loc":{"start":{"line":95,"column":31},"end":{"line":95,"column":43}}},"8":{"name":"link","line":107,"loc":{"start":{"line":107,"column":11},"end":{"line":107,"column":27}}},"9":{"name":"render","line":117,"loc":{"start":{"line":117,"column":11},"end":{"line":117,"column":29}}},"10":{"name":"createShareButton","line":169,"loc":{"start":{"line":169,"column":0},"end":{"line":169,"column":36}}},"11":{"name":"(anonymous_11)","line":170,"loc":{"start":{"line":170,"column":84},"end":{"line":170,"column":96}}},"12":{"name":"CreatedButton","line":176,"loc":{"start":{"line":176,"column":22},"end":{"line":176,"column":52}}},"13":{"name":"(anonymous_13)","line":188,"loc":{"start":{"line":188,"column":86},"end":{"line":188,"column":103}}},"14":{"name":"(anonymous_14)","line":205,"loc":{"start":{"line":205,"column":83},"end":{"line":205,"column":100}}},"15":{"name":"(anonymous_15)","line":220,"loc":{"start":{"line":220,"column":86},"end":{"line":220,"column":103}}},"16":{"name":"(anonymous_16)","line":233,"loc":{"start":{"line":233,"column":86},"end":{"line":233,"column":103}}},"17":{"name":"(anonymous_17)","line":252,"loc":{"start":{"line":252,"column":86},"end":{"line":252,"column":103}}},"18":{"name":"(anonymous_18)","line":265,"loc":{"start":{"line":265,"column":89},"end":{"line":265,"column":106}}},"19":{"name":"(anonymous_19)","line":278,"loc":{"start":{"line":278,"column":68},"end":{"line":278,"column":85}}},"20":{"name":"(anonymous_20)","line":293,"loc":{"start":{"line":293,"column":68},"end":{"line":293,"column":85}}}},"statementMap":{"1":{"start":{"line":3,"column":0},"end":{"line":5,"column":3}},"2":{"start":{"line":6,"column":0},"end":{"line":6,"column":270}},"3":{"start":{"line":8,"column":0},"end":{"line":8,"column":57}},"4":{"start":{"line":10,"column":0},"end":{"line":10,"column":50}},"5":{"start":{"line":12,"column":0},"end":{"line":12,"column":79}},"6":{"start":{"line":14,"column":0},"end":{"line":14,"column":63}},"7":{"start":{"line":16,"column":0},"end":{"line":16,"column":71}},"8":{"start":{"line":18,"column":0},"end":{"line":18,"column":64}},"9":{"start":{"line":20,"column":0},"end":{"line":20,"column":65}},"10":{"start":{"line":22,"column":0},"end":{"line":22,"column":58}},"11":{"start":{"line":24,"column":0},"end":{"line":24,"column":93}},"12":{"start":{"line":26,"column":0},"end":{"line":26,"column":86}},"13":{"start":{"line":28,"column":0},"end":{"line":28,"column":59}},"14":{"start":{"line":30,"column":0},"end":{"line":30,"column":52}},"15":{"start":{"line":32,"column":0},"end":{"line":32,"column":57}},"16":{"start":{"line":34,"column":0},"end":{"line":34,"column":43}},"17":{"start":{"line":36,"column":0},"end":{"line":36,"column":30}},"18":{"start":{"line":38,"column":0},"end":{"line":38,"column":45}},"19":{"start":{"line":40,"column":0},"end":{"line":40,"column":39}},"20":{"start":{"line":42,"column":0},"end":{"line":42,"column":53}},"21":{"start":{"line":44,"column":0},"end":{"line":44,"column":40}},"22":{"start":{"line":46,"column":0},"end":{"line":46,"column":55}},"23":{"start":{"line":48,"column":0},"end":{"line":48,"column":67}},"24":{"start":{"line":50,"column":0},"end":{"line":50,"column":60}},"25":{"start":{"line":52,"column":0},"end":{"line":52,"column":32}},"26":{"start":{"line":54,"column":0},"end":{"line":54,"column":269}},"27":{"start":{"line":54,"column":40},"end":{"line":54,"column":267}},"28":{"start":{"line":54,"column":69},"end":{"line":54,"column":80}},"29":{"start":{"line":54,"column":90},"end":{"line":54,"column":106}},"30":{"start":{"line":54,"column":107},"end":{"line":54,"column":228}},"31":{"start":{"line":54,"column":126},"end":{"line":54,"column":226}},"32":{"start":{"line":54,"column":149},"end":{"line":54,"column":224}},"33":{"start":{"line":54,"column":201},"end":{"line":54,"column":224}},"34":{"start":{"line":54,"column":229},"end":{"line":54,"column":250}},"35":{"start":{"line":54,"column":251},"end":{"line":54,"column":265}},"36":{"start":{"line":56,"column":0},"end":{"line":56,"column":95}},"37":{"start":{"line":56,"column":39},"end":{"line":56,"column":93}},"38":{"start":{"line":58,"column":0},"end":{"line":58,"column":51}},"39":{"start":{"line":60,"column":0},"end":{"line":143,"column":20}},"40":{"start":{"line":61,"column":2},"end":{"line":61,"column":51}},"41":{"start":{"line":63,"column":2},"end":{"line":103,"column":3}},"42":{"start":{"line":64,"column":4},"end":{"line":64,"column":13}},"43":{"start":{"line":66,"column":4},"end":{"line":66,"column":27}},"44":{"start":{"line":68,"column":4},"end":{"line":68,"column":53}},"45":{"start":{"line":70,"column":4},"end":{"line":72,"column":5}},"46":{"start":{"line":71,"column":6},"end":{"line":71,"column":35}},"47":{"start":{"line":74,"column":4},"end":{"line":102,"column":69}},"48":{"start":{"line":75,"column":6},"end":{"line":79,"column":52}},"49":{"start":{"line":82,"column":6},"end":{"line":101,"column":7}},"50":{"
[...]
ne":55,"column":99},"end":{"line":55,"column":151}}]},"4":{"line":71,"type":"if","locations":[{"start":{"line":71,"column":6},"end":{"line":71,"column":6}},{"start":{"line":71,"column":6},"end":{"line":71,"column":6}}]},"5":{"line":85,"type":"if","locations":[{"start":{"line":85,"column":6},"end":{"line":85,"column":6}},{"start":{"line":85,"column":6},"end":{"line":85,"column":6}}]},"6":{"line":91,"type":"if","locations":[{"start":{"line":91,"column":10},"end":{"line":91,"column":10}},{"start":{"line":91,"column":10},"end":{"line":91,"column":10}}]},"7":{"line":114,"type":"binary-expr","locations":[{"start":{"line":114,"column":8},"end":{"line":114,"column":18}},{"start":{"line":114,"column":22},"end":{"line":114,"column":42}}]},"8":{"line":114,"type":"binary-expr","locations":[{"start":{"line":114,"column":31},"end":{"line":114,"column":36}},{"start":{"line":114,"column":40},"end":{"line":114,"column":41}}]}},"code":["'use strict';","","Object.defineProperty(exports, \"__esModule\", {","  value: true","});","exports.TwitterShareCount = exports.OKShareCount = exports.VKShareCount = exports.PinterestShareCount = exports.GooglePlusShareCount = exports.LinkedinShareCount = exports.FacebookShareCount = undefined;","","var _extends2 = require('babel-runtime/helpers/extends');","","var _extends3 = _interopRequireDefault(_extends2);","","var _getPrototypeOf = require('babel-runtime/core-js/object/get-prototype-of');","","var _getPrototypeOf2 = _interopRequireDefault(_getPrototypeOf);","","var _classCallCheck2 = require('babel-runtime/helpers/classCallCheck');","","var _classCallCheck3 = _interopRequireDefault(_classCallCheck2);","","var _createClass2 = require('babel-runtime/helpers/createClass');","","var _createClass3 = _interopRequireDefault(_createClass2);","","var _possibleConstructorReturn2 = require('babel-runtime/helpers/possibleConstructorReturn');","","var _possibleConstructorReturn3 = _interopRequireDefault(_possibleConstructorReturn2);","","var _inherits2 = require('babel-runtime/helpers/inherits');","","var _inherits3 = _interopRequireDefault(_inherits2);","","var _react = require('react');","","var _react2 = _interopRequireDefault(_react);","","var _propTypes = require('prop-types');","","var _propTypes2 = _interopRequireDefault(_propTypes);","","var _classnames = require('classnames');","","var _classnames2 = _interopRequireDefault(_classnames);","","var _shareCountGetters = require('./share-count-getters');","","function _interopRequireDefault(obj) { return obj && obj.__esModule ? obj : { default: obj }; }","","/* eslint-disable react/no-multi-comp */","var SocialMediaShareCount = function (_Component) {","  (0, _inherits3.default)(SocialMediaShareCount, _Component);","","  function SocialMediaShareCount(props) {","    (0, _classCallCheck3.default)(this, SocialMediaShareCount);","","    var _this = (0, _possibleConstructorReturn3.default)(this, (SocialMediaShareCount.__proto__ || (0, _getPrototypeOf2.default)(SocialMediaShareCount)).call(this, props));","","    _this._isMounted = false;","    _this.state = { count: 0 };","    return _this;","  }","","  (0, _createClass3.default)(SocialMediaShareCount, [{","    key: 'componentDidMount',","    value: function componentDidMount() {","      this._isMounted = true;","      this.updateCount(this.props.url);","    }","  }, {","    key: 'componentWillReceiveProps',","    value: function componentWillReceiveProps(nextProps) {","      if (nextProps.url !== this.props.url) {","        this.updateCount(nextProps.url);","      }","    }","  }, {","    key: 'componentWillUnmount',","    value: function componentWillUnmount() {","      this._isMounted = false;","    }","  }, {","    key: 'updateCount',","    value: function updateCount(url) {","      var _this2 = this;","","      if (this.props.getCount) {","        this.setState({","          isLoading: true","        });","","        this.props.getCount(url, function (count) {","          if (_this2._isMounted) {","            _this2.setState({","              count: count,","              isLoading: false","            });","          }","        });","      }","    }","  }, {","    key: 'render',","    value: function render() {","      var _state = this.state,","          count = _state.count,","          isLoading = _state.isLoading;","      var _props = this.props,","          children = _props.children,","          className = _props.className;","","","      return _react2.default.createElement(","        'div',","        { className: (0, _classnames2.default)('SocialMediaShareCount', className) },","        !isLoading && children(count || 0)","      );","    }","  }]);","  return SocialMediaShareCount;","}(_react.Component);","","SocialMediaShareCount.propTypes = {","  children: _propTypes2.default.func,","  className: _propTypes2.default.string,","  getCount: _propTypes2.default.func,","  url: _propTypes2.default.string.isRequired","};","","SocialMediaShareCount.defaultProps = {","  children: function children(shareCount) {","    return shareCount;","  }","};","","function shareCountFactory(getCount) {","  return function (props) {","    return _react2.default.createElement(SocialMediaShareCount, (0, _extends3.default)({ getCount: getCount }, props));","  };","}","","var FacebookShareCount = exports.FacebookShareCount = shareCountFactory(_shareCountGetters.getFacebookShareCount);","var LinkedinShareCount = exports.LinkedinShareCount = shareCountFactory(_shareCountGetters.getLinkedinShareCount);","var GooglePlusShareCount = exports.GooglePlusShareCount = shareCountFactory(_shareCountGetters.getGooglePlusShareCount);","var PinterestShareCount = exports.PinterestShareCount = shareCountFactory(_shareCountGetters.getPinterestShareCount);","var VKShareCount = exports.VKShareCount = shareCountFactory(_shareCountGetters.getVKShareCount);","var OKShareCount = exports.OKShareCount = shareCountFactory(_shareCountGetters.getOKShareCount);","var TwitterShareCount = exports.TwitterShareCount = function TwitterShareCount() {","  throw new Error('TwitterShareCount was removed in version 1.3.0 because' + 'the Twitter API was shut down and there is no replacement. Please ' + 'remove it from your code.');","};"],"l":{"3":1,"6":1,"8":1,"10":1,"12":1,"14":1,"16":1,"18":1,"20":1,"22":1,"24":1,"26":1,"28":1,"30":1,"32":1,"34":1,"36":1,"38":1,"40":1,"42":1,"44":1,"46":9,"49":1,"50":1,"52":1,"53":0,"55":0,"57":0,"58":0,"59":0,"62":1,"65":0,"66":0,"71":0,"72":0,"78":0,"83":0,"85":0,"86":0,"90":0,"91":0,"92":0,"103":0,"106":0,"111":0,"118":1,"121":1,"128":1,"130":0,"134":1,"135":6,"136":0,"140":1,"141":1,"142":1,"143":1,"144":1,"145":1,"146":1,"147":0}},"/home/travis/build/npmtest/node-npmtest-react-share/node_modules/react-share/lib/share-count-getters.js":{"path":"/home/travis/build/npmtest/node-npmtest-react-share/node_modules/react-share/lib/share-count-getters.js","s":{"1":1,"2":1,"3":1,"4":1,"5":1,"6":1,"7":1,"8":1,"9":1,"10":1,"11":1,"12":1,"13":1,"14":1,"15":1,"16":3,"17":1,"18":0,"19":0,"20":0,"21":1,"22":0,"23":0,"24":0,"25":0,"26":0,"27":0,"28":0,"29":0,"30":0,"31":0,"32":0,"33":0,"34":1,"35":0,"36":0,"37":0,"38":1,"39":0,"40":0,"41":0,"42":1,"43":0,"44":0,"45":0,"46":0,"47":0,"48":0,"49":0,"50":1,"51":1,"52":0,"53":0,"54":0,"55":0,"56":0,"57":0,"58":0,"59":0,"60":0},"b":{"1":[1,2],"2":[3,3],"3":[0,0],"4":[0,0,0,0],"5":[0,0],"6":[0,0],"7":[0,0],"8":[0,0],"9":[0,0],"10":[0,0],"11":[0,0]},"f":{"1":3,"2":0,"3":0,"4":0,"5":0,"6":0,"7":0,"8":0,"9":0,"10":0,"11":0,"12":0,"13":0,"14":0,"15":0},"fnMap":{"1":{"name":"_interopRequireDefault","line":28,"loc":{"start":{"line":28,"column":0},"end":{"line":28,"column":37}}},"2":{"name":"getFacebookShareCount","line":30,"loc":{"start":{"line":30,"column":0},"end":{"line":30,"column":51}}},"3":{"name":"(anonymous_3)","line":33,"loc":{"start":{"line":33,"column":33},"end":{"line":33,"column":54}}},"4":{"name":"getGooglePlusShareCount","line":38,"loc":{"start":{"line":38,"column":0},"end":{"line":38,"column":53}}},"5":{"name":"onSuccessdata","line":67,"loc":{"start":{"line":67,"column":15},"end":{"line":67,"column":40}}},"6":{"name":"onErrordata","line":72,"loc":{"start":{"line":72,"column":16},"end":{"line":72,"column":39}}},"7":{"name":"getLinkedinShareCount","line":75,"loc":{"start":{"line":75,"column":0},"end":{"line":75,"column":51}}},"8":{"name":"(anonymous_8)","line":81,"loc":{"start":{"line":81,"column":6},"end":{"line":81,"column":27}}},"9":{"name":"getPinterestShareCount","line":86,"loc":{"start":{"line":86,"column":0},"end":{"line":86,"column":52}}},"10":{"name":"(anonymous_10)","line":91,"loc":{"start":{"line":91,"column":6},"end":{"line":91,"column":27}}},"11":{"name":"getVKShareCount","line":96,"loc":{"start":{"line":96,"column":0},"end":{"line":96,"column":45}}},"12":{"name":"count","line":100,"loc":{"start":{"line":100,"column":15},"end":{"line":100,"column":46}}},"13":{"name":"getOKShareCount","line":121,"loc":{"start":{"line":121,"column":0},"end":{"line":121,"column":45}}},"14":{"name":"count","line":125,"loc":{"start":{"line":125,"column":15},"end":{"line":125,"column":45}}},"15":{"name":"updateCount","line":137,"loc":{"start":{"line":137,"column":17},"end":{"line":137,"column":44}}}},"statementMap":{"1":{"start":{"line":3,"column":0},"end":{"line":5,"column":3}},"2":{"start":{"line":6,"column":0},"end":{"line":6,"column":36}},"3":{"start":{"line":8,"column":0},"end":{"line":8,"column":65}},"4":{"start":{"line":10,"column":0},"end":{"line":10,"column":53}},"5":{"start":{"line":12,"column":0},"end":{"line":12,"column":54}},"6":{"start":{"line":13,"column":0},"end":{"line":13,"column":58}},"7":{"start":{"line":14,"column":0},"end":{"line":14,"column":54}},"8":{"start":{"line":15,"column":0},"end":{"line":15,"column":56}},"9":{"start":{"line":16,"column":0},"end":{"line":16,"column":42}},"10":{"start":{"line":18,"column":0},"end":{"line":18,"column":30}},"11":{"start":{"line":20,"column":0},"end":{"line":20,"column":45}},"12":{"start":{"line":22,"column":0},"end":{"line":22,"column":36}},"13":{"start":{"line":24,"column":0},"end":{"line":24,"column":51}},"14":{"start":{"line":26,"column":0},"end":{"line":26,"column":32}},"15":{"start":{"line":28,"column":0},"end":{"line":28,"column":95}},"16":{"start":{"line":28,"column":39},"end":{"line":28,"column":93}},"17":{"start":{"line":30,"column":0},"end":{"line":36,"column":1}},"18":{"start":{"line":31,"column":2},"end":{"line":31,"column":62}},"19":{"start":{"line":33,"column":2},"end":{"line":35,"column":5}},"20":{"start":{"line":34,"column":4},"end":{"line":34,"column":104}},"21":{"start":{"line":38,"column":0},"end":{"line":73,"column":1}},"22":{"start":{"line":39,"column":2},"end":{"line":44,"column":3}},"23":{"start":{"line":41,"column":4},"end":{"line":41,"column":73}},"24":{"start":{"line":43,"column":4},"end":{"line":43,"column":11}},"25":{"start":{"line":46,"column":2},"end":{"line":46,"column":33}},"26":{"start":{"line":48,"column":2},"end":{"line":48,"column":54}},"27":{"start":{"line":49,"column":2},"end":{"line":49,"column":53}},"28":{"start":{"line":50,"column":2},"end":{"line":50,"column":73}},"29":{"start":{"line":52,"column":2},"end":{"line":65,"column":6}},"30":{"start":{"line":67,"column":2},"end":{"line":70,"column":4}},"31":{"start":{"line":68,"column":4},"end":{"line":68,"column":45}},"32":{"start":{"line":69,"column":4},"end":{"line":69,"column":75}},"33":{"start":{"line":72,"column":2},"end":{"line":72,"column":42}},"34":{"start":{"line":75,"column":0},"end":{"line":84,"column":1}},"35":{"start":{"line":76,"column":2},"end":{"line":76,"column":61}},"36":{"start":{"line":78,"column":2},"end":{"line":83,"column":5}},"37":{"start":{"line":82,"column":4},"end":{"line":82,"column":46}},"38":{"start":{"line":86,"column":0},"end":{"line":94,"column":1}},"39":{"start":{"line":87,"column":2},"end":{"line":87,"column":59}},"40":{"start":{"line":89,"column":2},"end":{"line":93,"column":5}},"41":{"start":{"line":92,"column":4},"end":{"line":92,"column":46}},"42":{"start":{"line":96,"column":0},"end":{"line":118,"column":1}},"43":{"start":{"line":97,"column":2},"end":{"line":106,"column":3}},"44":{"start":{"line":98,"column":4},"end":{"line":105,"column":6}},"45":{"start":{"line":101,"column":10},"end":{"line":101,"column":53}},"46":{"start":{"line":108,"column":2},"end":{"line":108,"column":39}},"47":{"start":{"line":109,"column":2},"end":{"line":109,"column":41}},"48":{"start":{"line":111,"column":2},"end":{"line":111,"column":37}},"49":{"start":{"line":113,"column":2},"end":{"line":117,"column":6}},"50":{"start":{"line":120,"column":0},"end":{"line":120,"column":42}},"51":{"start":{"line":121,"column":0},"end":{"line":148,"column":1}},"52":{"start":{"line":122,"column":2},"end":{"line":131,"column":3}},"53":{"start":{"line":123,"column":4},"end":{"line":130,"column":6}},"54":{"start":{"line":126,"column":10},"end":{"line":126,"column":52}},"55":{"start":{"line":133,"column":2},"end":{"line":133,"column":39}},"56":{"start":{"line":134,"column":2},"end":{"line":134,"column":41}},"57":{"start":{"line":136,"column":2},"end":{"line":140,"column":4}},"58":{"start":{"line":138,"column":6},"end":{"line":138,"column":36}},"59":{"start":{"line":141,"column":2},"end":{"line":141,"column":37}},"60":{"start":{"line":143,"column":2},"end":{"line":147,"column":6}}},"branchMap":{"1":{"line":28,"type":"cond-expr","locations":[{"start":{"line":28,"column":70},"end":{"line":28,"column":73}},{"start":{"line":28,"column":76},"end":{"line":28,"column":92}}]},"2":{"line":28,"type":"binary-expr","locations":[{"start":{"line":28,"column":46},"end":{"line":28,"column":49}},{"start":{"line":28,"column":53},"end":{"line":28,"column":67}}]},"3":{"line":34,"type":"cond-expr","locations":[{"start":{"line":34,"column":68},"end":{"line":34,"column":90}},{"start":{"line":34,"column":93},"end":{"line":34,"column":102}}]},"4":{"line":34,"type":"binary-expr","locations":[{"start":{"line":34,"column":13},"end":{"line":34,"column":17}},{"start":{"line":34,"column":21},"end":{"line":34,"column":25}},{"start":{"line":34,"column":29},"end":{"line":34,"column":39}},{"start":{"line":34,"column":43},"end":{"line":34,"column":65}}]},"5":{"line":39,"type":"if","locations":[{"start":{"line":39,"column":2},"end":{"line":39,"column":2}},{"start":{"line":39,"column":2},"end":{"line":39,"column":2}}]},"6":{"line":39,"type":"binary-expr","locations":[{"start":{"line":39,"column":6},"end":{"line":39,"column":38}},{"start":{"line":39,"column":42},"end":{"line":39,"column":87}}]},"7":{"line":69,"type":"cond-expr","locations":[{"start":{"line":69,"column":22},"end":{"line":69,"column":61}},{"start":{"line":69,"column":64},"end":{"line":69,"column":73}}]},"8":{"line":82,"type":"cond-expr","locations":[{"start":{"line":82,"column":22},"end":{"line":82,"column":32}},{"start":{"line":82,"column":35},"end":{"line":82,"column":44}}]},"9":{"line":92,"type":"cond-expr","locations":[{"start":{"line":92,"column":22},"end":{"line":92,"column":32}},{"start":{"line":92,"column":35},"end":{"line":92,"column":44}}]},"10":{"line":97,"type":"if","locations":[{"start":{"line":97,"column":2},"end":{"line":97,"column":2}},{"start":{"line":97,"column":2},"end":{"line":97,"column":2}}]},"11":{"line":122,"type":"if","locations":[{"start":{"line":122,"column":2},"end":{"line":122,"column":2}},{"start":{"line":122,"column":2},"end":{"line":122,"column":2}}]}},"code":["'use strict';","","Object.defineProperty(exports, \"__esModule\", {","  value: true","});","exports.getVKShareCount = undefined;","","var _stringify = require('babel-runtime/core-js/json/stringify');","","var _stringify2 = _interopRequireDefault(_stringify);","","exports.getFacebookShareCount = getFacebookShareCount;","exports.getGooglePlusShareCount = getGooglePlusShareCount;","exports.getLinkedinShareCount = getLinkedinShareCount;","exports.getPinterestShareCount = getPinterestShareCount;","exports.getOKShareCount = getOKShareCount;","","var _jsonp = require('jsonp');","","var _jsonp2 = _interopRequireDefault(_jsonp);","","var _platform = require('platform');","","var _platform2 = _interopRequireDefault(_platform);","","var _utils = require('./utils');","","function _interopRequireDefault(obj) { return obj && obj.__esModule ? obj : { default: obj }; }","","function getFacebookShareCount(shareUrl, callback) {","  var endpoint = 'https://graph.facebook.com/?id=' + shareUrl;","","  (0, _jsonp2.default)(endpoint, function (err, data) {","    callback(!err && data && data.share && data.share.share_count ? data.share.share_count : undefined);","  });","}","","function getGooglePlusShareCount(shareUrl, callback) {","  if (_platform2.default.name === 'IE' && parseInt(_platform2.default.version, 10) < 11) {","    /* eslint-disable no-console */","    console.error('Google plus share count is not supported in <=IE10!');","    /* eslint-enable no-console */","    return;","  }","","  var xhr = new XMLHttpRequest();","","  xhr.open('POST', 'https://clients6.google.com/rpc');","  xhr.setRequestHeader('Accept', 'application/json');","  xhr.setRequestHeader('Content-type', 'application/json;charset=UTF-8');","","  xhr.send((0, _stringify2.default)({","    method: 'pos.plusones.get',","    id: 'p',","    params: {","      nolog: true,","      id: shareUrl,","      source: 'widget',","      userId: '@viewer',","      groupId: '@self'","    },","    jsonrpc: '2.0',","    key: 'p',","    apiVersion: 'v1'","  }));","","  xhr.onload = function onSuccessdata() {","    var data = JSON.parse(this.responseText);","    callback(!!data ? data.result.metadata.globalCounts.count : undefined);","  };","","  xhr.onerror = function onErrordata() {};","}","","function getLinkedinShareCount(shareUrl, callback) {","  var url = 'https://www.linkedin.com/countserv/count/share';","","  return (0, _jsonp2.default)(url + (0, _utils.objectToGetParams)({","    url: shareUrl,","    format: 'jsonp'","  }), function (err, data) {","    callback(!!data ? data.count : undefined);","  });","}","","function getPinterestShareCount(shareUrl, callback) {","  var url = 'https://api.pinterest.com/v1/urls/count.json';","","  return (0, _jsonp2.default)(url + (0, _utils.objectToGetParams)({","    url: shareUrl","  }), function (err, data) {","    callback(!!data ? data.count : undefined);","  });","}","","function getVKShareCount(shareUrl, callback) {","  if (!window.VK) {","    window.VK = {","      Share: {","        count: function count(index, _count2) {","          return window.VK.callbacks[index](_count2);","        }","      },","      callbacks: []","    };","  }","","  var url = 'https://vk.com/share.php';","  var index = window.VK.callbacks.length;","","  window.VK.callbacks.push(callback);","","  return (0, _jsonp2.default)(url + (0, _utils.objectToGetParams)({","    act: 'count',","    index: index,","    url: shareUrl","  }));","}","","exports.getVKShareCount = getVKShareCount;","function getOKShareCount(shareUrl, callback) {","  if (!window.OK) {","    window.OK = {","      Share: {","        count: function count(index, _count) {","          return window.OK.callbacks[index](_count);","        }","      },","      callbacks: []","    };","  }","","  var url = 'https://connect.ok.ru/dk';","  var index = window.OK.callbacks.length;","","  window.ODKL = {","    updateCount: function updateCount(a, b) {","      window.OK.callbacks[index](b);","    }","  };","  window.OK.callbacks.push(callback);","","  return (0, _jsonp2.default)(url + (0, _utils.objectToGetParams)({","    'st.cmd': 'extLike',","    uid: 'odklcnt0',","    ref: shareUrl","  }));","}"],"l":{"3":1,"6":1,"8":1,"10":1,"12":1,"13":1,"14":1,"15":1,"16":1,"18":1,"20":1,"22":1,"24":1,"26":1,"28":3,"30":1,"31":0,"33":0,"34":0,"38":1,"39":0,"41":0,"43":0,"46":0,"48":0,"49":0,"50":0,"52":0,"67":0,"68":0,"69":0,"72":0,"75":1,"76":0,"78":0,"82":0,"86":1,"87":0,"89":0,"92":0,"96":1,"97":0,"98":0,"101":0,"108":0,"109":0,"111":0,"113":0,"120":1,"121":1,"122":0,"123":0,"126":0,"133":0,"134":0,"136":0,"138":0,"141":0,"143":0}}}